  [1m[35m (172.4ms)[0m  [1m[35mCREATE DATABASE "temperatures_app_api_development" ENCODING = 'unicode'[0m
  [1m[35m (104.9ms)[0m  [1m[35mCREATE DATABASE "temperatures_app_api_test" ENCODING = 'unicode'[0m
  [1m[35m (4.3ms)[0m  [1m[35mCREATE TABLE "schema_migrations" ("version" character varying NOT NULL PRIMARY KEY)[0m
  [1m[35m (4.6ms)[0m  [1m[35mCREATE TABLE "ar_internal_metadata" ("key" character varying NOT NULL PRIMARY KEY, "value" character varying, "created_at" timestamp(6) NOT NULL, "updated_at" timestamp(6) NOT NULL)[0m
  [1m[35m (0.2ms)[0m  [1m[34mSELECT pg_try_advisory_lock(5136553484880541290)[0m
  [1m[35m (0.4ms)[0m  [1m[34mSELECT "schema_migrations"."version" FROM "schema_migrations" ORDER BY "schema_migrations"."version" ASC[0m
Migrating to CreateLocations (20200701000827)
  [1m[35m (0.1ms)[0m  [1m[35mBEGIN[0m
  [1m[35m (5.2ms)[0m  [1m[35mCREATE TABLE "locations" ("id" bigserial primary key, "lat" decimal, "lng" decimal, "name" character varying, "created_at" timestamp(6) NOT NULL, "updated_at" timestamp(6) NOT NULL)[0m
  [1m[36mprimary::SchemaMigration Create (0.5ms)[0m  [1m[32mINSERT INTO "schema_migrations" ("version") VALUES ($1) RETURNING "version"[0m  [["version", "20200701000827"]]
  [1m[35m (0.6ms)[0m  [1m[35mCOMMIT[0m
Migrating to CreateTemperatures (20200701000830)
  [1m[35m (0.4ms)[0m  [1m[35mBEGIN[0m
  [1m[35m (3.1ms)[0m  [1m[35mCREATE TABLE "temperatures" ("id" bigserial primary key, "average_high_f" integer, "average_low_f" integer, "created_at" timestamp(6) NOT NULL, "updated_at" timestamp(6) NOT NULL)[0m
  [1m[36mprimary::SchemaMigration Create (0.4ms)[0m  [1m[32mINSERT INTO "schema_migrations" ("version") VALUES ($1) RETURNING "version"[0m  [["version", "20200701000830"]]
  [1m[35m (0.7ms)[0m  [1m[35mCOMMIT[0m
Migrating to AddForeginKeyToTemperatures (20200701001504)
  [1m[35m (0.3ms)[0m  [1m[35mBEGIN[0m
  [1m[35m (0.5ms)[0m  [1m[35mALTER TABLE "temperatures" ADD "location_id" integer[0m
  [1m[36mprimary::SchemaMigration Create (0.3ms)[0m  [1m[32mINSERT INTO "schema_migrations" ("version") VALUES ($1) RETURNING "version"[0m  [["version", "20200701001504"]]
  [1m[35m (0.3ms)[0m  [1m[35mCOMMIT[0m
  [1m[36mActiveRecord::InternalMetadata Load (0.3ms)[0m  [1m[34mSELECT "ar_internal_metadata".* FROM "ar_internal_metadata" WHERE "ar_internal_metadata"."key" = $1 LIMIT $2[0m  [["key", "environment"], ["LIMIT", 1]]
  [1m[35m (0.2ms)[0m  [1m[35mBEGIN[0m
  [1m[36mActiveRecord::InternalMetadata Create (0.4ms)[0m  [1m[32mINSERT INTO "ar_internal_metadata" ("key", "value", "created_at", "updated_at") VALUES ($1, $2, $3, $4) RETURNING "key"[0m  [["key", "environment"], ["value", "development"], ["created_at", "2020-07-01 00:16:33.759289"], ["updated_at", "2020-07-01 00:16:33.759289"]]
  [1m[35m (0.3ms)[0m  [1m[35mCOMMIT[0m
  [1m[35m (0.4ms)[0m  [1m[34mSELECT pg_advisory_unlock(5136553484880541290)[0m
  [1m[35m (0.7ms)[0m  [1m[34mSELECT "schema_migrations"."version" FROM "schema_migrations" ORDER BY "schema_migrations"."version" ASC[0m
  [1m[35m (0.5ms)[0m  [1m[34mSELECT "schema_migrations"."version" FROM "schema_migrations" ORDER BY "schema_migrations"."version" ASC[0m
  [1m[35m (0.1ms)[0m  [1m[35mBEGIN[0m
  [1m[36mLocation Create (1.0ms)[0m  [1m[32mINSERT INTO "locations" ("lat", "lng", "name", "created_at", "updated_at") VALUES ($1, $2, $3, $4, $5) RETURNING "id"[0m  [["lat", "40.7128"], ["lng", "74.0059"], ["name", "New York City"], ["created_at", "2020-07-01 00:23:21.033664"], ["updated_at", "2020-07-01 00:23:21.033664"]]
  [1m[35m (2.2ms)[0m  [1m[35mCOMMIT[0m
  [1m[35m (0.1ms)[0m  [1m[35mBEGIN[0m
  [1m[36mLocation Create (0.2ms)[0m  [1m[32mINSERT INTO "locations" ("lat", "lng", "name", "created_at", "updated_at") VALUES ($1, $2, $3, $4, $5) RETURNING "id"[0m  [["lat", "78.2232"], ["lng", "15.6267"], ["name", "LongYearByen"], ["created_at", "2020-07-01 00:23:21.041989"], ["updated_at", "2020-07-01 00:23:21.041989"]]
  [1m[35m (0.3ms)[0m  [1m[35mCOMMIT[0m
  [1m[35m (0.2ms)[0m  [1m[35mBEGIN[0m
  [1m[36mLocation Load (0.3ms)[0m  [1m[34mSELECT "locations".* FROM "locations" WHERE "locations"."id" = $1 LIMIT $2[0m  [["id", 1], ["LIMIT", 1]]
  [1m[36mTemperature Create (0.7ms)[0m  [1m[32mINSERT INTO "temperatures" ("average_high_f", "average_low_f", "created_at", "updated_at", "location_id") VALUES ($1, $2, $3, $4, $5) RETURNING "id"[0m  [["average_high_f", 39], ["average_low_f", 26], ["created_at", "2020-07-01 00:23:21.084861"], ["updated_at", "2020-07-01 00:23:21.084861"], ["location_id", 1]]
  [1m[35m (0.3ms)[0m  [1m[35mCOMMIT[0m
  [1m[35m (0.2ms)[0m  [1m[35mBEGIN[0m
  [1m[36mLocation Load (0.2ms)[0m  [1m[34mSELECT "locations".* FROM "locations" WHERE "locations"."id" = $1 LIMIT $2[0m  [["id", 1], ["LIMIT", 1]]
  [1m[36mTemperature Create (0.3ms)[0m  [1m[32mINSERT INTO "temperatures" ("average_high_f", "average_low_f", "created_at", "updated_at", "location_id") VALUES ($1, $2, $3, $4, $5) RETURNING "id"[0m  [["average_high_f", 50], ["average_low_f", 40], ["created_at", "2020-07-01 00:23:21.090522"], ["updated_at", "2020-07-01 00:23:21.090522"], ["location_id", 1]]
  [1m[35m (0.4ms)[0m  [1m[35mCOMMIT[0m
  [1m[35m (0.1ms)[0m  [1m[35mBEGIN[0m
  [1m[36mLocation Load (0.2ms)[0m  [1m[34mSELECT "locations".* FROM "locations" WHERE "locations"."id" = $1 LIMIT $2[0m  [["id", 1], ["LIMIT", 1]]
  [1m[36mTemperature Create (0.3ms)[0m  [1m[32mINSERT INTO "temperatures" ("average_high_f", "average_low_f", "created_at", "updated_at", "location_id") VALUES ($1, $2, $3, $4, $5) RETURNING "id"[0m  [["average_high_f", 80], ["average_low_f", 35], ["created_at", "2020-07-01 00:23:21.096239"], ["updated_at", "2020-07-01 00:23:21.096239"], ["location_id", 1]]
  [1m[35m (0.4ms)[0m  [1m[35mCOMMIT[0m
  [1m[35m (0.1ms)[0m  [1m[35mBEGIN[0m
  [1m[36mLocation Load (0.2ms)[0m  [1m[34mSELECT "locations".* FROM "locations" WHERE "locations"."id" = $1 LIMIT $2[0m  [["id", 1], ["LIMIT", 1]]
  [1m[36mTemperature Create (0.3ms)[0m  [1m[32mINSERT INTO "temperatures" ("average_high_f", "average_low_f", "created_at", "updated_at", "location_id") VALUES ($1, $2, $3, $4, $5) RETURNING "id"[0m  [["average_high_f", 60], ["average_low_f", 44], ["created_at", "2020-07-01 00:23:21.101049"], ["updated_at", "2020-07-01 00:23:21.101049"], ["location_id", 1]]
  [1m[35m (0.2ms)[0m  [1m[35mCOMMIT[0m
  [1m[35m (0.1ms)[0m  [1m[35mBEGIN[0m
  [1m[36mLocation Load (0.2ms)[0m  [1m[34mSELECT "locations".* FROM "locations" WHERE "locations"."id" = $1 LIMIT $2[0m  [["id", 1], ["LIMIT", 1]]
  [1m[36mTemperature Create (0.3ms)[0m  [1m[32mINSERT INTO "temperatures" ("average_high_f", "average_low_f", "created_at", "updated_at", "location_id") VALUES ($1, $2, $3, $4, $5) RETURNING "id"[0m  [["average_high_f", 71], ["average_low_f", 55], ["created_at", "2020-07-01 00:23:21.105937"], ["updated_at", "2020-07-01 00:23:21.105937"], ["location_id", 1]]
  [1m[35m (0.4ms)[0m  [1m[35mCOMMIT[0m
  [1m[35m (0.1ms)[0m  [1m[35mBEGIN[0m
  [1m[36mLocation Load (0.3ms)[0m  [1m[34mSELECT "locations".* FROM "locations" WHERE "locations"."id" = $1 LIMIT $2[0m  [["id", 1], ["LIMIT", 1]]
  [1m[36mTemperature Create (0.2ms)[0m  [1m[32mINSERT INTO "temperatures" ("average_high_f", "average_low_f", "created_at", "updated_at", "location_id") VALUES ($1, $2, $3, $4, $5) RETURNING "id"[0m  [["average_high_f", 90], ["average_low_f", 55], ["created_at", "2020-07-01 00:23:21.111730"], ["updated_at", "2020-07-01 00:23:21.111730"], ["location_id", 1]]
  [1m[35m (0.3ms)[0m  [1m[35mCOMMIT[0m
  [1m[35m (0.1ms)[0m  [1m[35mBEGIN[0m
  [1m[36mLocation Load (0.1ms)[0m  [1m[34mSELECT "locations".* FROM "locations" WHERE "locations"."id" = $1 LIMIT $2[0m  [["id", 1], ["LIMIT", 1]]
  [1m[36mTemperature Create (0.2ms)[0m  [1m[32mINSERT INTO "temperatures" ("average_high_f", "average_low_f", "created_at", "updated_at", "location_id") VALUES ($1, $2, $3, $4, $5) RETURNING "id"[0m  [["average_high_f", 30], ["average_low_f", 55], ["created_at", "2020-07-01 00:23:21.116509"], ["updated_at", "2020-07-01 00:23:21.116509"], ["location_id", 1]]
  [1m[35m (0.3ms)[0m  [1m[35mCOMMIT[0m
  [1m[35m (0.1ms)[0m  [1m[35mBEGIN[0m
  [1m[36mLocation Load (0.4ms)[0m  [1m[34mSELECT "locations".* FROM "locations" WHERE "locations"."id" = $1 LIMIT $2[0m  [["id", 2], ["LIMIT", 1]]
  [1m[36mTemperature Create (0.2ms)[0m  [1m[32mINSERT INTO "temperatures" ("average_high_f", "average_low_f", "created_at", "updated_at", "location_id") VALUES ($1, $2, $3, $4, $5) RETURNING "id"[0m  [["average_high_f", 1], ["average_low_f", -20], ["created_at", "2020-07-01 00:23:21.121930"], ["updated_at", "2020-07-01 00:23:21.121930"], ["location_id", 2]]
  [1m[35m (0.3ms)[0m  [1m[35mCOMMIT[0m
  [1m[36mLocation Load (0.6ms)[0m  [1m[34mSELECT "locations".* FROM "locations" WHERE "locations"."id" = $1 LIMIT $2[0m  [["id", 1], ["LIMIT", 1]]
  [1m[36mTemperature Load (0.5ms)[0m  [1m[34mSELECT "temperatures".* FROM "temperatures" WHERE "temperatures"."location_id" = $1 LIMIT $2[0m  [["location_id", 1], ["LIMIT", 11]]
  [1m[36mTemperature Load (0.3ms)[0m  [1m[34mSELECT "temperatures".* FROM "temperatures" WHERE "temperatures"."id" = $1 LIMIT $2[0m  [["id", 1], ["LIMIT", 1]]
  [1m[36mLocation Load (0.4ms)[0m  [1m[34mSELECT "locations".* FROM "locations" WHERE "locations"."id" = $1 LIMIT $2[0m  [["id", 1], ["LIMIT", 1]]
  [1m[36mTemperature Load (0.3ms)[0m  [1m[34mSELECT "temperatures".* FROM "temperatures" WHERE "temperatures"."id" = $1 LIMIT $2[0m  [["id", 1], ["LIMIT", 1]]
  [1m[36mLocation Load (0.4ms)[0m  [1m[34mSELECT "locations".* FROM "locations" WHERE "locations"."id" = $1 LIMIT $2[0m  [["id", 1], ["LIMIT", 1]]
Started GET "/locations" for ::1 at 2020-06-30 17:44:56 -0700
  [1m[35m (0.9ms)[0m  [1m[34mSELECT "schema_migrations"."version" FROM "schema_migrations" ORDER BY "schema_migrations"."version" ASC[0m
Processing by LocationsController#index as HTML
  [1m[36mLocation Load (0.8ms)[0m  [1m[34mSELECT "locations".* FROM "locations"[0m
  ↳ app/controllers/locations_controller.rb:8:in `index'
Completed 200 OK in 33ms (Views: 19.2ms | ActiveRecord: 9.6ms | Allocations: 6643)


Started GET "/locations/1" for ::1 at 2020-06-30 17:45:31 -0700
Processing by LocationsController#show as HTML
  Parameters: {"id"=>"1"}
  [1m[36mLocation Load (0.5ms)[0m  [1m[34mSELECT "locations".* FROM "locations" WHERE "locations"."id" = $1 LIMIT $2[0m  [["id", 1], ["LIMIT", 1]]
  ↳ app/controllers/locations_controller.rb:19:in `set_location'
Completed 200 OK in 12ms (Views: 0.5ms | ActiveRecord: 0.7ms | Allocations: 2310)


Started GET "/locations/1" for ::1 at 2020-06-30 17:49:06 -0700
Processing by LocationsController#show as HTML
  Parameters: {"id"=>"1"}
  [1m[36mLocation Load (1.1ms)[0m  [1m[34mSELECT "locations".* FROM "locations" WHERE "locations"."id" = $1 LIMIT $2[0m  [["id", 1], ["LIMIT", 1]]
  ↳ app/controllers/locations_controller.rb:20:in `set_location'
  [1m[36mTemperature Load (0.6ms)[0m  [1m[34mSELECT "temperatures".* FROM "temperatures" WHERE "temperatures"."location_id" = $1[0m  [["location_id", 1]]
  ↳ app/controllers/locations_controller.rb:14:in `show'
Completed 200 OK in 37ms (Views: 12.3ms | ActiveRecord: 9.0ms | Allocations: 14124)


Started GET "/locations/1" for ::1 at 2020-06-30 17:49:32 -0700
Processing by LocationsController#show as HTML
  Parameters: {"id"=>"1"}
  [1m[36mLocation Load (0.2ms)[0m  [1m[34mSELECT "locations".* FROM "locations" WHERE "locations"."id" = $1 LIMIT $2[0m  [["id", 1], ["LIMIT", 1]]
  ↳ app/controllers/locations_controller.rb:20:in `set_location'
  [1m[36mTemperature Load (0.2ms)[0m  [1m[34mSELECT "temperatures".* FROM "temperatures" WHERE "temperatures"."location_id" = $1[0m  [["location_id", 1]]
  ↳ app/controllers/locations_controller.rb:14:in `show'
Completed 200 OK in 28ms (Views: 11.6ms | ActiveRecord: 6.4ms | Allocations: 11857)


Started GET "/locations/1" for ::1 at 2020-06-30 17:54:00 -0700
Processing by LocationsController#show as HTML
  Parameters: {"id"=>"1"}
  [1m[36mLocation Load (0.2ms)[0m  [1m[34mSELECT "locations".* FROM "locations" WHERE "locations"."id" = $1 LIMIT $2[0m  [["id", 1], ["LIMIT", 1]]
  ↳ app/controllers/locations_controller.rb:20:in `set_location'
  [1m[36mTemperature Load (0.2ms)[0m  [1m[34mSELECT "temperatures".* FROM "temperatures" WHERE "temperatures"."location_id" = $1[0m  [["location_id", 1]]
  ↳ app/controllers/locations_controller.rb:14:in `show'
Completed 200 OK in 29ms (Views: 0.1ms | ActiveRecord: 7.2ms | Allocations: 11775)


Started GET "/locations" for ::1 at 2020-06-30 18:09:38 -0700
Processing by LocationsController#index as HTML
  [1m[36mLocation Load (0.6ms)[0m  [1m[34mSELECT "locations".* FROM "locations"[0m
  ↳ app/controllers/locations_controller.rb:8:in `index'
  [1m[36mTemperature Load (0.4ms)[0m  [1m[34mSELECT "temperatures".* FROM "temperatures" WHERE "temperatures"."location_id" = $1[0m  [["location_id", 1]]
  ↳ app/controllers/locations_controller.rb:8:in `index'
  [1m[36mTemperature Load (0.4ms)[0m  [1m[34mSELECT "temperatures".* FROM "temperatures" WHERE "temperatures"."location_id" = $1[0m  [["location_id", 2]]
  ↳ app/controllers/locations_controller.rb:8:in `index'
Completed 200 OK in 24ms (Views: 0.1ms | ActiveRecord: 1.6ms | Allocations: 12547)


Started GET "/locations/1" for ::1 at 2020-06-30 18:11:40 -0700
Processing by LocationsController#show as HTML
  Parameters: {"id"=>"1"}
  [1m[36mLocation Load (0.4ms)[0m  [1m[34mSELECT "locations".* FROM "locations" WHERE "locations"."id" = $1 LIMIT $2[0m  [["id", 1], ["LIMIT", 1]]
  ↳ app/controllers/locations_controller.rb:20:in `set_location'
  [1m[36mTemperature Load (0.3ms)[0m  [1m[34mSELECT "temperatures".* FROM "temperatures" WHERE "temperatures"."location_id" = $1[0m  [["location_id", 1]]
  ↳ app/controllers/locations_controller.rb:14:in `show'
Completed 200 OK in 5ms (Views: 0.2ms | ActiveRecord: 0.7ms | Allocations: 2493)


Started GET "/locations" for ::1 at 2020-06-30 18:11:44 -0700
Processing by LocationsController#index as HTML
  [1m[36mLocation Load (0.3ms)[0m  [1m[34mSELECT "locations".* FROM "locations"[0m
  ↳ app/controllers/locations_controller.rb:8:in `index'
  [1m[36mTemperature Load (0.4ms)[0m  [1m[34mSELECT "temperatures".* FROM "temperatures" WHERE "temperatures"."location_id" = $1[0m  [["location_id", 1]]
  ↳ app/controllers/locations_controller.rb:8:in `index'
  [1m[36mTemperature Load (0.3ms)[0m  [1m[34mSELECT "temperatures".* FROM "temperatures" WHERE "temperatures"."location_id" = $1[0m  [["location_id", 2]]
  ↳ app/controllers/locations_controller.rb:8:in `index'
Completed 200 OK in 7ms (Views: 0.1ms | ActiveRecord: 1.0ms | Allocations: 3576)


Started GET "/locations/2" for ::1 at 2020-06-30 18:38:34 -0700
  [1m[35m (0.6ms)[0m  [1m[34mSELECT "schema_migrations"."version" FROM "schema_migrations" ORDER BY "schema_migrations"."version" ASC[0m
Processing by LocationsController#show as HTML
  Parameters: {"id"=>"2"}
  [1m[36mLocation Load (0.4ms)[0m  [1m[34mSELECT "locations".* FROM "locations" WHERE "locations"."id" = $1 LIMIT $2[0m  [["id", 2], ["LIMIT", 1]]
  ↳ app/controllers/locations_controller.rb:20:in `set_location'
  [1m[36mTemperature Load (0.3ms)[0m  [1m[34mSELECT "temperatures".* FROM "temperatures" WHERE "temperatures"."location_id" = $1[0m  [["location_id", 2]]
  ↳ app/controllers/locations_controller.rb:14:in `show'
Completed 200 OK in 38ms (Views: 0.2ms | ActiveRecord: 9.7ms | Allocations: 14410)


Started POST "/locations/2/temperatures" for ::1 at 2020-06-30 18:42:18 -0700
Processing by TemperaturesController#create as */*
  Parameters: {"temperature"=>{"average_high_f"=>"50", "average_low_f"=>"10"}, "location_id"=>"2"}
  [1m[35m (0.2ms)[0m  [1m[35mBEGIN[0m
  ↳ app/controllers/temperatures_controller.rb:15:in `create'
  [1m[36mLocation Load (0.3ms)[0m  [1m[34mSELECT "locations".* FROM "locations" WHERE "locations"."id" = $1 LIMIT $2[0m  [["id", 2], ["LIMIT", 1]]
  ↳ app/controllers/temperatures_controller.rb:15:in `create'
  [1m[36mTemperature Create (1.3ms)[0m  [1m[32mINSERT INTO "temperatures" ("average_high_f", "average_low_f", "created_at", "updated_at", "location_id") VALUES ($1, $2, $3, $4, $5) RETURNING "id"[0m  [["average_high_f", 50], ["average_low_f", 10], ["created_at", "2020-07-01 01:42:18.877784"], ["updated_at", "2020-07-01 01:42:18.877784"], ["location_id", 2]]
  ↳ app/controllers/temperatures_controller.rb:15:in `create'
  [1m[35m (1.5ms)[0m  [1m[35mCOMMIT[0m
  ↳ app/controllers/temperatures_controller.rb:15:in `create'
Completed 201 Created in 13ms (Views: 0.5ms | ActiveRecord: 3.3ms | Allocations: 4152)


Started GET "/locations/2" for ::1 at 2020-06-30 18:42:38 -0700
Processing by LocationsController#show as HTML
  Parameters: {"id"=>"2"}
  [1m[36mLocation Load (0.2ms)[0m  [1m[34mSELECT "locations".* FROM "locations" WHERE "locations"."id" = $1 LIMIT $2[0m  [["id", 2], ["LIMIT", 1]]
  ↳ app/controllers/locations_controller.rb:20:in `set_location'
  [1m[36mTemperature Load (0.3ms)[0m  [1m[34mSELECT "temperatures".* FROM "temperatures" WHERE "temperatures"."location_id" = $1[0m  [["location_id", 2]]
  ↳ app/controllers/locations_controller.rb:14:in `show'
Completed 200 OK in 3ms (Views: 0.1ms | ActiveRecord: 0.5ms | Allocations: 1829)


Started GET "/" for ::1 at 2020-07-01 11:58:50 -0700
  [1m[35m (0.5ms)[0m  [1m[34mSELECT "schema_migrations"."version" FROM "schema_migrations" ORDER BY "schema_migrations"."version" ASC[0m
Processing by Rails::WelcomeController#index as HTML
  Rendering /Users/madelineomoore/.rbenv/versions/2.6.3/lib/ruby/gems/2.6.0/gems/railties-6.0.3.2/lib/rails/templates/rails/welcome/index.html.erb
  Rendered /Users/madelineomoore/.rbenv/versions/2.6.3/lib/ruby/gems/2.6.0/gems/railties-6.0.3.2/lib/rails/templates/rails/welcome/index.html.erb (Duration: 7.7ms | Allocations: 488)
Completed 200 OK in 19ms (Views: 13.7ms | ActiveRecord: 0.0ms | Allocations: 2689)


Started GET "/favicon.ico" for ::1 at 2020-07-01 11:58:50 -0700
  
ActionController::RoutingError (No route matches [GET] "/favicon.ico"):
  
actionpack (6.0.3.2) lib/action_dispatch/middleware/debug_exceptions.rb:36:in `call'
actionpack (6.0.3.2) lib/action_dispatch/middleware/show_exceptions.rb:33:in `call'
railties (6.0.3.2) lib/rails/rack/logger.rb:37:in `call_app'
railties (6.0.3.2) lib/rails/rack/logger.rb:26:in `block in call'
activesupport (6.0.3.2) lib/active_support/tagged_logging.rb:80:in `block in tagged'
activesupport (6.0.3.2) lib/active_support/tagged_logging.rb:28:in `tagged'
activesupport (6.0.3.2) lib/active_support/tagged_logging.rb:80:in `tagged'
railties (6.0.3.2) lib/rails/rack/logger.rb:26:in `call'
actionpack (6.0.3.2) lib/action_dispatch/middleware/remote_ip.rb:81:in `call'
actionpack (6.0.3.2) lib/action_dispatch/middleware/request_id.rb:27:in `call'
rack (2.2.3) lib/rack/runtime.rb:22:in `call'
activesupport (6.0.3.2) lib/active_support/cache/strategy/local_cache_middleware.rb:29:in `call'
actionpack (6.0.3.2) lib/action_dispatch/middleware/executor.rb:14:in `call'
actionpack (6.0.3.2) lib/action_dispatch/middleware/static.rb:126:in `call'
rack (2.2.3) lib/rack/sendfile.rb:110:in `call'
actionpack (6.0.3.2) lib/action_dispatch/middleware/host_authorization.rb:82:in `call'
railties (6.0.3.2) lib/rails/engine.rb:527:in `call'
puma (4.3.5) lib/puma/configuration.rb:228:in `call'
puma (4.3.5) lib/puma/server.rb:713:in `handle_request'
puma (4.3.5) lib/puma/server.rb:472:in `process_client'
puma (4.3.5) lib/puma/server.rb:328:in `block in run'
puma (4.3.5) lib/puma/thread_pool.rb:134:in `block in spawn_thread'
Started GET "/locations" for ::1 at 2020-07-01 11:58:54 -0700
Processing by LocationsController#index as HTML
  [1m[36mLocation Load (0.5ms)[0m  [1m[34mSELECT "locations".* FROM "locations"[0m
  ↳ app/controllers/locations_controller.rb:8:in `index'
  [1m[36mTemperature Load (4.0ms)[0m  [1m[34mSELECT "temperatures".* FROM "temperatures" WHERE "temperatures"."location_id" = $1[0m  [["location_id", 1]]
  ↳ app/controllers/locations_controller.rb:8:in `index'
  [1m[36mTemperature Load (0.2ms)[0m  [1m[34mSELECT "temperatures".* FROM "temperatures" WHERE "temperatures"."location_id" = $1[0m  [["location_id", 2]]
  ↳ app/controllers/locations_controller.rb:8:in `index'
Completed 200 OK in 55ms (Views: 0.1ms | ActiveRecord: 12.1ms | Allocations: 16371)


Started GET "/locations/1" for ::1 at 2020-07-01 11:59:24 -0700
Processing by LocationsController#show as */*
  Parameters: {"id"=>"1"}
  [1m[36mLocation Load (0.2ms)[0m  [1m[34mSELECT "locations".* FROM "locations" WHERE "locations"."id" = $1 LIMIT $2[0m  [["id", 1], ["LIMIT", 1]]
  ↳ app/controllers/locations_controller.rb:20:in `set_location'
  [1m[36mTemperature Load (0.1ms)[0m  [1m[34mSELECT "temperatures".* FROM "temperatures" WHERE "temperatures"."location_id" = $1[0m  [["location_id", 1]]
  ↳ app/controllers/locations_controller.rb:14:in `show'
Completed 200 OK in 4ms (Views: 0.1ms | ActiveRecord: 0.3ms | Allocations: 2531)


Started GET "/locations/1" for ::1 at 2020-07-01 11:59:24 -0700
Processing by LocationsController#show as */*
  Parameters: {"id"=>"1"}
  [1m[36mLocation Load (0.2ms)[0m  [1m[34mSELECT "locations".* FROM "locations" WHERE "locations"."id" = $1 LIMIT $2[0m  [["id", 1], ["LIMIT", 1]]
  ↳ app/controllers/locations_controller.rb:20:in `set_location'
  [1m[36mTemperature Load (0.3ms)[0m  [1m[34mSELECT "temperatures".* FROM "temperatures" WHERE "temperatures"."location_id" = $1[0m  [["location_id", 1]]
  ↳ app/controllers/locations_controller.rb:14:in `show'
Completed 200 OK in 29ms (Views: 0.1ms | ActiveRecord: 0.5ms | Allocations: 2385)


Started GET "/locations/1" for ::1 at 2020-07-01 11:59:29 -0700
Processing by LocationsController#show as */*
  Parameters: {"id"=>"1"}
  [1m[36mLocation Load (0.3ms)[0m  [1m[34mSELECT "locations".* FROM "locations" WHERE "locations"."id" = $1 LIMIT $2[0m  [["id", 1], ["LIMIT", 1]]
  ↳ app/controllers/locations_controller.rb:20:in `set_location'
  [1m[36mTemperature Load (0.2ms)[0m  [1m[34mSELECT "temperatures".* FROM "temperatures" WHERE "temperatures"."location_id" = $1[0m  [["location_id", 1]]
  ↳ app/controllers/locations_controller.rb:14:in `show'
Completed 200 OK in 5ms (Views: 0.1ms | ActiveRecord: 0.5ms | Allocations: 2402)


Started GET "/locations/1" for ::1 at 2020-07-01 11:59:29 -0700
Processing by LocationsController#show as */*
  Parameters: {"id"=>"1"}
  [1m[36mLocation Load (0.3ms)[0m  [1m[34mSELECT "locations".* FROM "locations" WHERE "locations"."id" = $1 LIMIT $2[0m  [["id", 1], ["LIMIT", 1]]
  ↳ app/controllers/locations_controller.rb:20:in `set_location'
  [1m[36mTemperature Load (0.4ms)[0m  [1m[34mSELECT "temperatures".* FROM "temperatures" WHERE "temperatures"."location_id" = $1[0m  [["location_id", 1]]
  ↳ app/controllers/locations_controller.rb:14:in `show'
Completed 200 OK in 6ms (Views: 0.1ms | ActiveRecord: 0.7ms | Allocations: 2385)


Started GET "/locations/1" for ::1 at 2020-07-01 11:59:59 -0700
  [1m[35m (0.5ms)[0m  [1m[34mSELECT "schema_migrations"."version" FROM "schema_migrations" ORDER BY "schema_migrations"."version" ASC[0m
Processing by LocationsController#show as */*
  Parameters: {"id"=>"1"}
  [1m[36mLocation Load (0.4ms)[0m  [1m[34mSELECT "locations".* FROM "locations" WHERE "locations"."id" = $1 LIMIT $2[0m  [["id", 1], ["LIMIT", 1]]
  ↳ app/controllers/locations_controller.rb:20:in `set_location'
  [1m[36mTemperature Load (0.3ms)[0m  [1m[34mSELECT "temperatures".* FROM "temperatures" WHERE "temperatures"."location_id" = $1[0m  [["location_id", 1]]
  ↳ app/controllers/locations_controller.rb:14:in `show'
Completed 200 OK in 32ms (Views: 0.1ms | ActiveRecord: 7.4ms | Allocations: 15098)


Started GET "/locations/1" for ::1 at 2020-07-01 11:59:59 -0700
Processing by LocationsController#show as */*
  Parameters: {"id"=>"1"}
  [1m[36mLocation Load (0.3ms)[0m  [1m[34mSELECT "locations".* FROM "locations" WHERE "locations"."id" = $1 LIMIT $2[0m  [["id", 1], ["LIMIT", 1]]
  ↳ app/controllers/locations_controller.rb:20:in `set_location'
  [1m[36mTemperature Load (0.2ms)[0m  [1m[34mSELECT "temperatures".* FROM "temperatures" WHERE "temperatures"."location_id" = $1[0m  [["location_id", 1]]
  ↳ app/controllers/locations_controller.rb:14:in `show'
Completed 200 OK in 4ms (Views: 0.1ms | ActiveRecord: 0.5ms | Allocations: 2385)


Started GET "/locations/1" for ::1 at 2020-07-01 12:00:00 -0700
Processing by LocationsController#show as */*
  Parameters: {"id"=>"1"}
  [1m[36mLocation Load (0.2ms)[0m  [1m[34mSELECT "locations".* FROM "locations" WHERE "locations"."id" = $1 LIMIT $2[0m  [["id", 1], ["LIMIT", 1]]
  ↳ app/controllers/locations_controller.rb:20:in `set_location'
  [1m[36mTemperature Load (0.2ms)[0m  [1m[34mSELECT "temperatures".* FROM "temperatures" WHERE "temperatures"."location_id" = $1[0m  [["location_id", 1]]
  ↳ app/controllers/locations_controller.rb:14:in `show'
Completed 200 OK in 4ms (Views: 0.2ms | ActiveRecord: 0.4ms | Allocations: 2402)


Started GET "/locations/1" for ::1 at 2020-07-01 12:00:00 -0700
Processing by LocationsController#show as */*
  Parameters: {"id"=>"1"}
  [1m[36mLocation Load (0.2ms)[0m  [1m[34mSELECT "locations".* FROM "locations" WHERE "locations"."id" = $1 LIMIT $2[0m  [["id", 1], ["LIMIT", 1]]
  ↳ app/controllers/locations_controller.rb:20:in `set_location'
  [1m[36mTemperature Load (0.3ms)[0m  [1m[34mSELECT "temperatures".* FROM "temperatures" WHERE "temperatures"."location_id" = $1[0m  [["location_id", 1]]
  ↳ app/controllers/locations_controller.rb:14:in `show'
Completed 200 OK in 4ms (Views: 0.1ms | ActiveRecord: 0.5ms | Allocations: 2385)


Started GET "/locations/1" for ::1 at 2020-07-01 12:00:05 -0700
Processing by LocationsController#show as */*
  Parameters: {"id"=>"1"}
  [1m[36mLocation Load (0.3ms)[0m  [1m[34mSELECT "locations".* FROM "locations" WHERE "locations"."id" = $1 LIMIT $2[0m  [["id", 1], ["LIMIT", 1]]
  ↳ app/controllers/locations_controller.rb:20:in `set_location'
  [1m[36mTemperature Load (0.3ms)[0m  [1m[34mSELECT "temperatures".* FROM "temperatures" WHERE "temperatures"."location_id" = $1[0m  [["location_id", 1]]
  ↳ app/controllers/locations_controller.rb:14:in `show'
Completed 200 OK in 4ms (Views: 0.1ms | ActiveRecord: 0.6ms | Allocations: 2402)


Started GET "/locations/1" for ::1 at 2020-07-01 12:00:05 -0700
Processing by LocationsController#show as */*
  Parameters: {"id"=>"1"}
  [1m[36mLocation Load (0.3ms)[0m  [1m[34mSELECT "locations".* FROM "locations" WHERE "locations"."id" = $1 LIMIT $2[0m  [["id", 1], ["LIMIT", 1]]
  ↳ app/controllers/locations_controller.rb:20:in `set_location'
  [1m[36mTemperature Load (0.3ms)[0m  [1m[34mSELECT "temperatures".* FROM "temperatures" WHERE "temperatures"."location_id" = $1[0m  [["location_id", 1]]
  ↳ app/controllers/locations_controller.rb:14:in `show'
Completed 200 OK in 5ms (Views: 0.2ms | ActiveRecord: 0.6ms | Allocations: 2385)


Started GET "/locations/1" for ::1 at 2020-07-01 12:00:22 -0700
Processing by LocationsController#show as */*
  Parameters: {"id"=>"1"}
  [1m[36mLocation Load (0.2ms)[0m  [1m[34mSELECT "locations".* FROM "locations" WHERE "locations"."id" = $1 LIMIT $2[0m  [["id", 1], ["LIMIT", 1]]
  ↳ app/controllers/locations_controller.rb:20:in `set_location'
Started GET "/locations/1" for ::1 at 2020-07-01 12:00:22 -0700
  [1m[36mTemperature Load (1.6ms)[0m  [1m[34mSELECT "temperatures".* FROM "temperatures" WHERE "temperatures"."location_id" = $1[0m  [["location_id", 1]]
  ↳ app/controllers/locations_controller.rb:14:in `show'
Completed 200 OK in 7ms (Views: 0.1ms | ActiveRecord: 1.8ms | Allocations: 2936)


Processing by LocationsController#show as */*
  Parameters: {"id"=>"1"}
  [1m[36mLocation Load (0.7ms)[0m  [1m[34mSELECT "locations".* FROM "locations" WHERE "locations"."id" = $1 LIMIT $2[0m  [["id", 1], ["LIMIT", 1]]
  ↳ app/controllers/locations_controller.rb:20:in `set_location'
  [1m[36mTemperature Load (0.5ms)[0m  [1m[34mSELECT "temperatures".* FROM "temperatures" WHERE "temperatures"."location_id" = $1[0m  [["location_id", 1]]
  ↳ app/controllers/locations_controller.rb:14:in `show'
Completed 200 OK in 22ms (Views: 0.1ms | ActiveRecord: 1.3ms | Allocations: 2522)


Started GET "/locations/1" for ::1 at 2020-07-01 12:00:24 -0700
Processing by LocationsController#show as */*
  Parameters: {"id"=>"1"}
  [1m[36mLocation Load (0.4ms)[0m  [1m[34mSELECT "locations".* FROM "locations" WHERE "locations"."id" = $1 LIMIT $2[0m  [["id", 1], ["LIMIT", 1]]
  ↳ app/controllers/locations_controller.rb:20:in `set_location'
  [1m[36mTemperature Load (0.2ms)[0m  [1m[34mSELECT "temperatures".* FROM "temperatures" WHERE "temperatures"."location_id" = $1[0m  [["location_id", 1]]
  ↳ app/controllers/locations_controller.rb:14:in `show'
Completed 200 OK in 4ms (Views: 0.2ms | ActiveRecord: 0.6ms | Allocations: 2385)


Started GET "/locations/1" for ::1 at 2020-07-01 12:00:24 -0700
Processing by LocationsController#show as */*
  Parameters: {"id"=>"1"}
  [1m[36mLocation Load (0.6ms)[0m  [1m[34mSELECT "locations".* FROM "locations" WHERE "locations"."id" = $1 LIMIT $2[0m  [["id", 1], ["LIMIT", 1]]
  ↳ app/controllers/locations_controller.rb:20:in `set_location'
  [1m[36mTemperature Load (0.4ms)[0m  [1m[34mSELECT "temperatures".* FROM "temperatures" WHERE "temperatures"."location_id" = $1[0m  [["location_id", 1]]
  ↳ app/controllers/locations_controller.rb:14:in `show'
Completed 200 OK in 5ms (Views: 0.1ms | ActiveRecord: 1.0ms | Allocations: 2385)


Started GET "/locations/1" for ::1 at 2020-07-01 12:00:30 -0700
Started GET "/locations/1" for ::1 at 2020-07-01 12:00:30 -0700
  [1m[35m (0.5ms)[0m  [1m[34mSELECT "schema_migrations"."version" FROM "schema_migrations" ORDER BY "schema_migrations"."version" ASC[0m
Processing by LocationsController#show as */*
  [1m[35m (5.1ms)[0m  [1m[34mSELECT "schema_migrations"."version" FROM "schema_migrations" ORDER BY "schema_migrations"."version" ASC[0m
  Parameters: {"id"=>"1"}
Processing by LocationsController#show as */*
  Parameters: {"id"=>"1"}
  [1m[36mLocation Load (0.3ms)[0m  [1m[34mSELECT "locations".* FROM "locations" WHERE "locations"."id" = $1 LIMIT $2[0m  [["id", 1], ["LIMIT", 1]]
  [1m[36mLocation Load (0.3ms)[0m  [1m[34mSELECT "locations".* FROM "locations" WHERE "locations"."id" = $1 LIMIT $2[0m  [["id", 1], ["LIMIT", 1]]
  ↳ app/controllers/locations_controller.rb:20:in `set_location'
  ↳ app/controllers/locations_controller.rb:20:in `set_location'
  [1m[36mTemperature Load (0.3ms)[0m  [1m[34mSELECT "temperatures".* FROM "temperatures" WHERE "temperatures"."location_id" = $1[0m  [["location_id", 1]]
  [1m[36mTemperature Load (0.4ms)[0m  [1m[34mSELECT "temperatures".* FROM "temperatures" WHERE "temperatures"."location_id" = $1[0m  [["location_id", 1]]
  ↳ app/controllers/locations_controller.rb:14:in `show'
  ↳ app/controllers/locations_controller.rb:14:in `show'
Completed 200 OK in 32ms (Views: 0.3ms | ActiveRecord: 7.4ms | Allocations: 16788)


Completed 200 OK in 32ms (Views: 0.1ms | ActiveRecord: 12.3ms | Allocations: 16719)


Started GET "/" for ::1 at 2020-07-01 17:33:29 -0700
  [1m[35m (0.7ms)[0m  [1m[34mSELECT "schema_migrations"."version" FROM "schema_migrations" ORDER BY "schema_migrations"."version" ASC[0m
Processing by Rails::WelcomeController#index as HTML
  Rendering /Users/madelineomoore/.rbenv/versions/2.6.3/lib/ruby/gems/2.6.0/gems/railties-6.0.3.2/lib/rails/templates/rails/welcome/index.html.erb
  Rendered /Users/madelineomoore/.rbenv/versions/2.6.3/lib/ruby/gems/2.6.0/gems/railties-6.0.3.2/lib/rails/templates/rails/welcome/index.html.erb (Duration: 8.3ms | Allocations: 315)
Completed 200 OK in 14ms (Views: 11.0ms | ActiveRecord: 0.0ms | Allocations: 1597)


Started GET "/locations" for ::1 at 2020-07-01 17:33:30 -0700
Processing by LocationsController#index as HTML
  [1m[36mLocation Load (4.8ms)[0m  [1m[34mSELECT "locations".* FROM "locations"[0m
  ↳ app/controllers/locations_controller.rb:8:in `index'
  [1m[36mTemperature Load (0.6ms)[0m  [1m[34mSELECT "temperatures".* FROM "temperatures" WHERE "temperatures"."location_id" = $1[0m  [["location_id", 1]]
  ↳ app/controllers/locations_controller.rb:8:in `index'
  [1m[36mTemperature Load (0.3ms)[0m  [1m[34mSELECT "temperatures".* FROM "temperatures" WHERE "temperatures"."location_id" = $1[0m  [["location_id", 2]]
  ↳ app/controllers/locations_controller.rb:8:in `index'
Completed 200 OK in 73ms (Views: 0.2ms | ActiveRecord: 18.4ms | Allocations: 16408)


Started GET "/locations/1" for ::1 at 2020-07-01 17:52:47 -0700
Processing by LocationsController#show as */*
  Parameters: {"id"=>"1"}
  [1m[36mLocation Load (0.5ms)[0m  [1m[34mSELECT "locations".* FROM "locations" WHERE "locations"."id" = $1 LIMIT $2[0m  [["id", 1], ["LIMIT", 1]]
  ↳ app/controllers/locations_controller.rb:20:in `set_location'
  [1m[36mTemperature Load (0.3ms)[0m  [1m[34mSELECT "temperatures".* FROM "temperatures" WHERE "temperatures"."location_id" = $1[0m  [["location_id", 1]]
  ↳ app/controllers/locations_controller.rb:14:in `show'
Completed 200 OK in 5ms (Views: 0.1ms | ActiveRecord: 1.0ms | Allocations: 2648)


Started GET "/locations/1" for ::1 at 2020-07-01 17:52:49 -0700
Processing by LocationsController#show as */*
  Parameters: {"id"=>"1"}
  [1m[36mLocation Load (0.2ms)[0m  [1m[34mSELECT "locations".* FROM "locations" WHERE "locations"."id" = $1 LIMIT $2[0m  [["id", 1], ["LIMIT", 1]]
  ↳ app/controllers/locations_controller.rb:20:in `set_location'
  [1m[36mTemperature Load (0.3ms)[0m  [1m[34mSELECT "temperatures".* FROM "temperatures" WHERE "temperatures"."location_id" = $1[0m  [["location_id", 1]]
  ↳ app/controllers/locations_controller.rb:14:in `show'
Completed 200 OK in 4ms (Views: 0.1ms | ActiveRecord: 0.5ms | Allocations: 2404)


Started GET "/locations/1" for ::1 at 2020-07-01 17:53:22 -0700
Processing by LocationsController#show as */*
  Parameters: {"id"=>"1"}
  [1m[36mLocation Load (0.3ms)[0m  [1m[34mSELECT "locations".* FROM "locations" WHERE "locations"."id" = $1 LIMIT $2[0m  [["id", 1], ["LIMIT", 1]]
  ↳ app/controllers/locations_controller.rb:20:in `set_location'
  [1m[36mTemperature Load (0.4ms)[0m  [1m[34mSELECT "temperatures".* FROM "temperatures" WHERE "temperatures"."location_id" = $1[0m  [["location_id", 1]]
  ↳ app/controllers/locations_controller.rb:14:in `show'
Completed 200 OK in 5ms (Views: 0.1ms | ActiveRecord: 0.6ms | Allocations: 2387)


Started GET "/locations/1" for ::1 at 2020-07-01 17:55:23 -0700
Processing by LocationsController#show as */*
  Parameters: {"id"=>"1"}
  [1m[36mLocation Load (0.6ms)[0m  [1m[34mSELECT "locations".* FROM "locations" WHERE "locations"."id" = $1 LIMIT $2[0m  [["id", 1], ["LIMIT", 1]]
  ↳ app/controllers/locations_controller.rb:20:in `set_location'
  [1m[36mTemperature Load (3.0ms)[0m  [1m[34mSELECT "temperatures".* FROM "temperatures" WHERE "temperatures"."location_id" = $1[0m  [["location_id", 1]]
  ↳ app/controllers/locations_controller.rb:14:in `show'
Completed 200 OK in 34ms (Views: 0.2ms | ActiveRecord: 3.6ms | Allocations: 2390)


Started GET "/locations/1" for ::1 at 2020-07-01 18:00:07 -0700
  [1m[35m (0.7ms)[0m  [1m[34mSELECT "schema_migrations"."version" FROM "schema_migrations" ORDER BY "schema_migrations"."version" ASC[0m
Processing by LocationsController#show as */*
  Parameters: {"id"=>"1"}
  [1m[36mLocation Load (0.3ms)[0m  [1m[34mSELECT "locations".* FROM "locations" WHERE "locations"."id" = $1 LIMIT $2[0m  [["id", 1], ["LIMIT", 1]]
  ↳ app/controllers/locations_controller.rb:20:in `set_location'
  [1m[36mTemperature Load (0.3ms)[0m  [1m[34mSELECT "temperatures".* FROM "temperatures" WHERE "temperatures"."location_id" = $1[0m  [["location_id", 1]]
  ↳ app/controllers/locations_controller.rb:14:in `show'
Completed 200 OK in 33ms (Views: 0.2ms | ActiveRecord: 7.9ms | Allocations: 15103)


Started GET "/locations/1" for ::1 at 2020-07-01 18:07:47 -0700
Processing by LocationsController#show as */*
  Parameters: {"id"=>"1"}
  [1m[36mLocation Load (1.1ms)[0m  [1m[34mSELECT "locations".* FROM "locations" WHERE "locations"."id" = $1 LIMIT $2[0m  [["id", 1], ["LIMIT", 1]]
  ↳ app/controllers/locations_controller.rb:20:in `set_location'
  [1m[36mTemperature Load (0.5ms)[0m  [1m[34mSELECT "temperatures".* FROM "temperatures" WHERE "temperatures"."location_id" = $1[0m  [["location_id", 1]]
  ↳ app/controllers/locations_controller.rb:14:in `show'
Completed 200 OK in 11ms (Views: 0.1ms | ActiveRecord: 2.1ms | Allocations: 2521)


Started GET "/locations/1" for ::1 at 2020-07-01 18:11:53 -0700
Processing by LocationsController#show as */*
  Parameters: {"id"=>"1"}
  [1m[36mLocation Load (0.4ms)[0m  [1m[34mSELECT "locations".* FROM "locations" WHERE "locations"."id" = $1 LIMIT $2[0m  [["id", 1], ["LIMIT", 1]]
  ↳ app/controllers/locations_controller.rb:20:in `set_location'
  [1m[36mTemperature Load (0.7ms)[0m  [1m[34mSELECT "temperatures".* FROM "temperatures" WHERE "temperatures"."location_id" = $1[0m  [["location_id", 1]]
  ↳ app/controllers/locations_controller.rb:14:in `show'
Completed 200 OK in 9ms (Views: 0.2ms | ActiveRecord: 1.1ms | Allocations: 2404)


Started GET "/locations/1" for ::1 at 2020-07-01 18:13:49 -0700
Processing by LocationsController#show as */*
  Parameters: {"id"=>"1"}
  [1m[36mLocation Load (0.5ms)[0m  [1m[34mSELECT "locations".* FROM "locations" WHERE "locations"."id" = $1 LIMIT $2[0m  [["id", 1], ["LIMIT", 1]]
  ↳ app/controllers/locations_controller.rb:20:in `set_location'
  [1m[36mTemperature Load (0.4ms)[0m  [1m[34mSELECT "temperatures".* FROM "temperatures" WHERE "temperatures"."location_id" = $1[0m  [["location_id", 1]]
  ↳ app/controllers/locations_controller.rb:14:in `show'
Completed 200 OK in 6ms (Views: 0.1ms | ActiveRecord: 0.9ms | Allocations: 2404)


Started GET "/locations/1" for ::1 at 2020-07-01 18:14:06 -0700
Processing by LocationsController#show as */*
  Parameters: {"id"=>"1"}
  [1m[36mLocation Load (5.6ms)[0m  [1m[34mSELECT "locations".* FROM "locations" WHERE "locations"."id" = $1 LIMIT $2[0m  [["id", 1], ["LIMIT", 1]]
  ↳ app/controllers/locations_controller.rb:20:in `set_location'
  [1m[36mTemperature Load (0.4ms)[0m  [1m[34mSELECT "temperatures".* FROM "temperatures" WHERE "temperatures"."location_id" = $1[0m  [["location_id", 1]]
  ↳ app/controllers/locations_controller.rb:14:in `show'
Completed 200 OK in 16ms (Views: 0.2ms | ActiveRecord: 6.0ms | Allocations: 2387)


Started GET "/locations/1" for ::1 at 2020-07-01 18:14:34 -0700
Processing by LocationsController#show as */*
  Parameters: {"id"=>"1"}
  [1m[36mLocation Load (0.8ms)[0m  [1m[34mSELECT "locations".* FROM "locations" WHERE "locations"."id" = $1 LIMIT $2[0m  [["id", 1], ["LIMIT", 1]]
  ↳ app/controllers/locations_controller.rb:20:in `set_location'
  [1m[36mTemperature Load (31.5ms)[0m  [1m[34mSELECT "temperatures".* FROM "temperatures" WHERE "temperatures"."location_id" = $1[0m  [["location_id", 1]]
  ↳ app/controllers/locations_controller.rb:14:in `show'
Completed 200 OK in 44ms (Views: 0.2ms | ActiveRecord: 32.3ms | Allocations: 2387)


Started GET "/locations/1" for ::1 at 2020-07-01 18:15:22 -0700
Processing by LocationsController#show as */*
  Parameters: {"id"=>"1"}
  [1m[36mLocation Load (1.7ms)[0m  [1m[34mSELECT "locations".* FROM "locations" WHERE "locations"."id" = $1 LIMIT $2[0m  [["id", 1], ["LIMIT", 1]]
  ↳ app/controllers/locations_controller.rb:20:in `set_location'
  [1m[36mTemperature Load (5.5ms)[0m  [1m[34mSELECT "temperatures".* FROM "temperatures" WHERE "temperatures"."location_id" = $1[0m  [["location_id", 1]]
  ↳ app/controllers/locations_controller.rb:14:in `show'
Completed 200 OK in 16ms (Views: 0.2ms | ActiveRecord: 7.2ms | Allocations: 2389)


Started GET "/locations/1" for ::1 at 2020-07-01 18:31:27 -0700
Processing by LocationsController#show as */*
  Parameters: {"id"=>"1"}
  [1m[36mLocation Load (0.4ms)[0m  [1m[34mSELECT "locations".* FROM "locations" WHERE "locations"."id" = $1 LIMIT $2[0m  [["id", 1], ["LIMIT", 1]]
  ↳ app/controllers/locations_controller.rb:20:in `set_location'
  [1m[36mTemperature Load (1.0ms)[0m  [1m[34mSELECT "temperatures".* FROM "temperatures" WHERE "temperatures"."location_id" = $1[0m  [["location_id", 1]]
  ↳ app/controllers/locations_controller.rb:14:in `show'
Completed 200 OK in 6ms (Views: 0.1ms | ActiveRecord: 1.8ms | Allocations: 2521)


Started GET "/locations/1" for ::1 at 2020-07-01 18:32:24 -0700
Processing by LocationsController#show as */*
  Parameters: {"id"=>"1"}
  [1m[36mLocation Load (3.2ms)[0m  [1m[34mSELECT "locations".* FROM "locations" WHERE "locations"."id" = $1 LIMIT $2[0m  [["id", 1], ["LIMIT", 1]]
  ↳ app/controllers/locations_controller.rb:20:in `set_location'
  [1m[36mTemperature Load (0.5ms)[0m  [1m[34mSELECT "temperatures".* FROM "temperatures" WHERE "temperatures"."location_id" = $1[0m  [["location_id", 1]]
  ↳ app/controllers/locations_controller.rb:14:in `show'
Completed 200 OK in 10ms (Views: 0.1ms | ActiveRecord: 3.7ms | Allocations: 2387)


Started GET "/locations/1" for ::1 at 2020-07-01 18:33:35 -0700
Processing by LocationsController#show as */*
  Parameters: {"id"=>"1"}
  [1m[36mLocation Load (0.3ms)[0m  [1m[34mSELECT "locations".* FROM "locations" WHERE "locations"."id" = $1 LIMIT $2[0m  [["id", 1], ["LIMIT", 1]]
  ↳ app/controllers/locations_controller.rb:20:in `set_location'
  [1m[36mTemperature Load (0.3ms)[0m  [1m[34mSELECT "temperatures".* FROM "temperatures" WHERE "temperatures"."location_id" = $1[0m  [["location_id", 1]]
  ↳ app/controllers/locations_controller.rb:14:in `show'
Completed 200 OK in 5ms (Views: 0.1ms | ActiveRecord: 0.6ms | Allocations: 2387)


Started GET "/locations/1" for ::1 at 2020-07-01 18:35:24 -0700
Processing by LocationsController#show as */*
  Parameters: {"id"=>"1"}
  [1m[36mLocation Load (0.3ms)[0m  [1m[34mSELECT "locations".* FROM "locations" WHERE "locations"."id" = $1 LIMIT $2[0m  [["id", 1], ["LIMIT", 1]]
  ↳ app/controllers/locations_controller.rb:20:in `set_location'
  [1m[36mTemperature Load (0.3ms)[0m  [1m[34mSELECT "temperatures".* FROM "temperatures" WHERE "temperatures"."location_id" = $1[0m  [["location_id", 1]]
  ↳ app/controllers/locations_controller.rb:14:in `show'
Completed 200 OK in 5ms (Views: 0.1ms | ActiveRecord: 0.6ms | Allocations: 2387)


Started GET "/" for ::1 at 2020-07-01 18:35:34 -0700
Processing by Rails::WelcomeController#index as HTML
  Rendering /Users/madelineomoore/.rbenv/versions/2.6.3/lib/ruby/gems/2.6.0/gems/railties-6.0.3.2/lib/rails/templates/rails/welcome/index.html.erb
  Rendered /Users/madelineomoore/.rbenv/versions/2.6.3/lib/ruby/gems/2.6.0/gems/railties-6.0.3.2/lib/rails/templates/rails/welcome/index.html.erb (Duration: 10.1ms | Allocations: 315)
Completed 200 OK in 17ms (Views: 13.3ms | ActiveRecord: 0.0ms | Allocations: 1591)


Started GET "/locations/1" for ::1 at 2020-07-01 18:35:38 -0700
Processing by LocationsController#show as */*
  Parameters: {"id"=>"1"}
  [1m[36mLocation Load (0.4ms)[0m  [1m[34mSELECT "locations".* FROM "locations" WHERE "locations"."id" = $1 LIMIT $2[0m  [["id", 1], ["LIMIT", 1]]
  ↳ app/controllers/locations_controller.rb:20:in `set_location'
  [1m[36mTemperature Load (0.4ms)[0m  [1m[34mSELECT "temperatures".* FROM "temperatures" WHERE "temperatures"."location_id" = $1[0m  [["location_id", 1]]
  ↳ app/controllers/locations_controller.rb:14:in `show'
Completed 200 OK in 9ms (Views: 0.2ms | ActiveRecord: 0.8ms | Allocations: 2387)


Started GET "/locations/1" for ::1 at 2020-07-01 18:35:57 -0700
Processing by LocationsController#show as */*
  Parameters: {"id"=>"1"}
  [1m[36mLocation Load (0.5ms)[0m  [1m[34mSELECT "locations".* FROM "locations" WHERE "locations"."id" = $1 LIMIT $2[0m  [["id", 1], ["LIMIT", 1]]
  ↳ app/controllers/locations_controller.rb:20:in `set_location'
  [1m[36mTemperature Load (5.2ms)[0m  [1m[34mSELECT "temperatures".* FROM "temperatures" WHERE "temperatures"."location_id" = $1[0m  [["location_id", 1]]
  ↳ app/controllers/locations_controller.rb:14:in `show'
Completed 200 OK in 16ms (Views: 0.3ms | ActiveRecord: 5.7ms | Allocations: 2387)


Started GET "/locations/1" for ::1 at 2020-07-01 18:41:56 -0700
Processing by LocationsController#show as */*
  Parameters: {"id"=>"1"}
  [1m[36mLocation Load (0.5ms)[0m  [1m[34mSELECT "locations".* FROM "locations" WHERE "locations"."id" = $1 LIMIT $2[0m  [["id", 1], ["LIMIT", 1]]
  ↳ app/controllers/locations_controller.rb:20:in `set_location'
  [1m[36mTemperature Load (0.7ms)[0m  [1m[34mSELECT "temperatures".* FROM "temperatures" WHERE "temperatures"."location_id" = $1[0m  [["location_id", 1]]
  ↳ app/controllers/locations_controller.rb:14:in `show'
Completed 200 OK in 8ms (Views: 0.1ms | ActiveRecord: 1.9ms | Allocations: 2509)


Started GET "/locations/1" for ::1 at 2020-07-01 18:41:56 -0700
Processing by LocationsController#show as */*
  Parameters: {"id"=>"1"}
  [1m[36mLocation Load (0.9ms)[0m  [1m[34mSELECT "locations".* FROM "locations" WHERE "locations"."id" = $1 LIMIT $2[0m  [["id", 1], ["LIMIT", 1]]
  ↳ app/controllers/locations_controller.rb:20:in `set_location'
  [1m[36mTemperature Load (0.3ms)[0m  [1m[34mSELECT "temperatures".* FROM "temperatures" WHERE "temperatures"."location_id" = $1[0m  [["location_id", 1]]
  ↳ app/controllers/locations_controller.rb:14:in `show'
Completed 200 OK in 6ms (Views: 0.1ms | ActiveRecord: 1.2ms | Allocations: 2387)


Started GET "/locations/1" for ::1 at 2020-07-01 18:41:56 -0700
Processing by LocationsController#show as */*
  Parameters: {"id"=>"1"}
  [1m[36mLocation Load (0.3ms)[0m  [1m[34mSELECT "locations".* FROM "locations" WHERE "locations"."id" = $1 LIMIT $2[0m  [["id", 1], ["LIMIT", 1]]
  ↳ app/controllers/locations_controller.rb:20:in `set_location'
  [1m[36mTemperature Load (0.5ms)[0m  [1m[34mSELECT "temperatures".* FROM "temperatures" WHERE "temperatures"."location_id" = $1[0m  [["location_id", 1]]
  ↳ app/controllers/locations_controller.rb:14:in `show'
Completed 200 OK in 6ms (Views: 0.1ms | ActiveRecord: 0.8ms | Allocations: 2387)


Started GET "/locations/1" for ::1 at 2020-07-01 18:42:35 -0700
Processing by LocationsController#show as */*
  Parameters: {"id"=>"1"}
  [1m[36mLocation Load (0.5ms)[0m  [1m[34mSELECT "locations".* FROM "locations" WHERE "locations"."id" = $1 LIMIT $2[0m  [["id", 1], ["LIMIT", 1]]
  ↳ app/controllers/locations_controller.rb:20:in `set_location'
  [1m[36mTemperature Load (2.9ms)[0m  [1m[34mSELECT "temperatures".* FROM "temperatures" WHERE "temperatures"."location_id" = $1[0m  [["location_id", 1]]
  ↳ app/controllers/locations_controller.rb:14:in `show'
Completed 200 OK in 9ms (Views: 0.1ms | ActiveRecord: 3.4ms | Allocations: 2387)


Started GET "/locations/1" for ::1 at 2020-07-01 18:42:35 -0700
Processing by LocationsController#show as */*
  Parameters: {"id"=>"1"}
  [1m[36mLocation Load (0.3ms)[0m  [1m[34mSELECT "locations".* FROM "locations" WHERE "locations"."id" = $1 LIMIT $2[0m  [["id", 1], ["LIMIT", 1]]
  ↳ app/controllers/locations_controller.rb:20:in `set_location'
  [1m[36mTemperature Load (0.3ms)[0m  [1m[34mSELECT "temperatures".* FROM "temperatures" WHERE "temperatures"."location_id" = $1[0m  [["location_id", 1]]
  ↳ app/controllers/locations_controller.rb:14:in `show'
Completed 200 OK in 24ms (Views: 0.1ms | ActiveRecord: 0.6ms | Allocations: 2390)


Started GET "/locations/1" for ::1 at 2020-07-01 18:42:35 -0700
Processing by LocationsController#show as */*
  Parameters: {"id"=>"1"}
  [1m[36mLocation Load (0.3ms)[0m  [1m[34mSELECT "locations".* FROM "locations" WHERE "locations"."id" = $1 LIMIT $2[0m  [["id", 1], ["LIMIT", 1]]
  ↳ app/controllers/locations_controller.rb:20:in `set_location'
  [1m[36mTemperature Load (0.3ms)[0m  [1m[34mSELECT "temperatures".* FROM "temperatures" WHERE "temperatures"."location_id" = $1[0m  [["location_id", 1]]
  ↳ app/controllers/locations_controller.rb:14:in `show'
Completed 200 OK in 5ms (Views: 0.1ms | ActiveRecord: 0.5ms | Allocations: 2387)


Started GET "/locations/1" for ::1 at 2020-07-01 18:43:02 -0700
Processing by LocationsController#show as */*
  Parameters: {"id"=>"1"}
  [1m[36mLocation Load (1.4ms)[0m  [1m[34mSELECT "locations".* FROM "locations" WHERE "locations"."id" = $1 LIMIT $2[0m  [["id", 1], ["LIMIT", 1]]
  ↳ app/controllers/locations_controller.rb:20:in `set_location'
  [1m[36mTemperature Load (0.7ms)[0m  [1m[34mSELECT "temperatures".* FROM "temperatures" WHERE "temperatures"."location_id" = $1[0m  [["location_id", 1]]
  ↳ app/controllers/locations_controller.rb:14:in `show'
Completed 200 OK in 8ms (Views: 0.1ms | ActiveRecord: 2.1ms | Allocations: 2387)


Started GET "/locations/1" for ::1 at 2020-07-01 18:43:02 -0700
Processing by LocationsController#show as */*
  Parameters: {"id"=>"1"}
  [1m[36mLocation Load (0.2ms)[0m  [1m[34mSELECT "locations".* FROM "locations" WHERE "locations"."id" = $1 LIMIT $2[0m  [["id", 1], ["LIMIT", 1]]
  ↳ app/controllers/locations_controller.rb:20:in `set_location'
  [1m[36mTemperature Load (0.4ms)[0m  [1m[34mSELECT "temperatures".* FROM "temperatures" WHERE "temperatures"."location_id" = $1[0m  [["location_id", 1]]
  ↳ app/controllers/locations_controller.rb:14:in `show'
Completed 200 OK in 5ms (Views: 0.1ms | ActiveRecord: 0.6ms | Allocations: 2387)


Started GET "/locations/1" for ::1 at 2020-07-01 18:43:02 -0700
Processing by LocationsController#show as */*
  Parameters: {"id"=>"1"}
  [1m[36mLocation Load (0.3ms)[0m  [1m[34mSELECT "locations".* FROM "locations" WHERE "locations"."id" = $1 LIMIT $2[0m  [["id", 1], ["LIMIT", 1]]
  ↳ app/controllers/locations_controller.rb:20:in `set_location'
  [1m[36mTemperature Load (0.2ms)[0m  [1m[34mSELECT "temperatures".* FROM "temperatures" WHERE "temperatures"."location_id" = $1[0m  [["location_id", 1]]
  ↳ app/controllers/locations_controller.rb:14:in `show'
Completed 200 OK in 5ms (Views: 0.1ms | ActiveRecord: 0.5ms | Allocations: 2387)


Started GET "/locations/1" for ::1 at 2020-07-01 18:45:06 -0700
Processing by LocationsController#show as */*
  Parameters: {"id"=>"1"}
  [1m[36mLocation Load (19.8ms)[0m  [1m[34mSELECT "locations".* FROM "locations" WHERE "locations"."id" = $1 LIMIT $2[0m  [["id", 1], ["LIMIT", 1]]
  ↳ app/controllers/locations_controller.rb:20:in `set_location'
  [1m[36mTemperature Load (12.6ms)[0m  [1m[34mSELECT "temperatures".* FROM "temperatures" WHERE "temperatures"."location_id" = $1[0m  [["location_id", 1]]
  ↳ app/controllers/locations_controller.rb:14:in `show'
Completed 200 OK in 37ms (Views: 0.1ms | ActiveRecord: 32.5ms | Allocations: 2387)


Started GET "/locations/1" for ::1 at 2020-07-01 18:45:06 -0700
Processing by LocationsController#show as */*
  Parameters: {"id"=>"1"}
  [1m[36mLocation Load (7.3ms)[0m  [1m[34mSELECT "locations".* FROM "locations" WHERE "locations"."id" = $1 LIMIT $2[0m  [["id", 1], ["LIMIT", 1]]
  ↳ app/controllers/locations_controller.rb:20:in `set_location'
  [1m[36mTemperature Load (5.0ms)[0m  [1m[34mSELECT "temperatures".* FROM "temperatures" WHERE "temperatures"."location_id" = $1[0m  [["location_id", 1]]
  ↳ app/controllers/locations_controller.rb:14:in `show'
Completed 200 OK in 17ms (Views: 0.1ms | ActiveRecord: 12.3ms | Allocations: 2387)


Started GET "/locations/1" for ::1 at 2020-07-01 18:45:06 -0700
Processing by LocationsController#show as */*
  Parameters: {"id"=>"1"}
  [1m[36mLocation Load (0.3ms)[0m  [1m[34mSELECT "locations".* FROM "locations" WHERE "locations"."id" = $1 LIMIT $2[0m  [["id", 1], ["LIMIT", 1]]
  ↳ app/controllers/locations_controller.rb:20:in `set_location'
  [1m[36mTemperature Load (0.4ms)[0m  [1m[34mSELECT "temperatures".* FROM "temperatures" WHERE "temperatures"."location_id" = $1[0m  [["location_id", 1]]
  ↳ app/controllers/locations_controller.rb:14:in `show'
Completed 200 OK in 5ms (Views: 0.1ms | ActiveRecord: 0.7ms | Allocations: 2387)


Started GET "/locations/1" for ::1 at 2020-07-01 18:45:29 -0700
Processing by LocationsController#show as */*
  Parameters: {"id"=>"1"}
  [1m[36mLocation Load (4.5ms)[0m  [1m[34mSELECT "locations".* FROM "locations" WHERE "locations"."id" = $1 LIMIT $2[0m  [["id", 1], ["LIMIT", 1]]
  ↳ app/controllers/locations_controller.rb:20:in `set_location'
  [1m[36mTemperature Load (7.6ms)[0m  [1m[34mSELECT "temperatures".* FROM "temperatures" WHERE "temperatures"."location_id" = $1[0m  [["location_id", 1]]
  ↳ app/controllers/locations_controller.rb:14:in `show'
Completed 200 OK in 18ms (Views: 0.2ms | ActiveRecord: 12.1ms | Allocations: 2387)


Started GET "/locations/1" for ::1 at 2020-07-01 18:45:29 -0700
Processing by LocationsController#show as */*
  Parameters: {"id"=>"1"}
  [1m[36mLocation Load (12.8ms)[0m  [1m[34mSELECT "locations".* FROM "locations" WHERE "locations"."id" = $1 LIMIT $2[0m  [["id", 1], ["LIMIT", 1]]
  ↳ app/controllers/locations_controller.rb:20:in `set_location'
  [1m[36mTemperature Load (10.1ms)[0m  [1m[34mSELECT "temperatures".* FROM "temperatures" WHERE "temperatures"."location_id" = $1[0m  [["location_id", 1]]
  ↳ app/controllers/locations_controller.rb:14:in `show'
Completed 200 OK in 28ms (Views: 0.1ms | ActiveRecord: 22.9ms | Allocations: 2387)


Started GET "/locations/1" for ::1 at 2020-07-01 18:45:29 -0700
Processing by LocationsController#show as */*
  Parameters: {"id"=>"1"}
  [1m[36mLocation Load (8.0ms)[0m  [1m[34mSELECT "locations".* FROM "locations" WHERE "locations"."id" = $1 LIMIT $2[0m  [["id", 1], ["LIMIT", 1]]
  ↳ app/controllers/locations_controller.rb:20:in `set_location'
  [1m[36mTemperature Load (2.6ms)[0m  [1m[34mSELECT "temperatures".* FROM "temperatures" WHERE "temperatures"."location_id" = $1[0m  [["location_id", 1]]
  ↳ app/controllers/locations_controller.rb:14:in `show'
Completed 200 OK in 15ms (Views: 0.1ms | ActiveRecord: 10.6ms | Allocations: 2387)


Started GET "/locations/1" for ::1 at 2020-07-01 18:45:53 -0700
Processing by LocationsController#show as */*
  Parameters: {"id"=>"1"}
  [1m[36mLocation Load (0.3ms)[0m  [1m[34mSELECT "locations".* FROM "locations" WHERE "locations"."id" = $1 LIMIT $2[0m  [["id", 1], ["LIMIT", 1]]
  ↳ app/controllers/locations_controller.rb:20:in `set_location'
  [1m[36mTemperature Load (0.5ms)[0m  [1m[34mSELECT "temperatures".* FROM "temperatures" WHERE "temperatures"."location_id" = $1[0m  [["location_id", 1]]
  ↳ app/controllers/locations_controller.rb:14:in `show'
Completed 200 OK in 5ms (Views: 0.2ms | ActiveRecord: 0.8ms | Allocations: 2387)


Started GET "/locations/1" for ::1 at 2020-07-01 18:45:53 -0700
Processing by LocationsController#show as */*
  Parameters: {"id"=>"1"}
  [1m[36mLocation Load (0.4ms)[0m  [1m[34mSELECT "locations".* FROM "locations" WHERE "locations"."id" = $1 LIMIT $2[0m  [["id", 1], ["LIMIT", 1]]
  ↳ app/controllers/locations_controller.rb:20:in `set_location'
  [1m[36mTemperature Load (0.8ms)[0m  [1m[34mSELECT "temperatures".* FROM "temperatures" WHERE "temperatures"."location_id" = $1[0m  [["location_id", 1]]
  ↳ app/controllers/locations_controller.rb:14:in `show'
Completed 200 OK in 5ms (Views: 0.1ms | ActiveRecord: 1.2ms | Allocations: 2387)


Started GET "/locations/1" for ::1 at 2020-07-01 18:45:53 -0700
Processing by LocationsController#show as */*
  Parameters: {"id"=>"1"}
  [1m[36mLocation Load (10.6ms)[0m  [1m[34mSELECT "locations".* FROM "locations" WHERE "locations"."id" = $1 LIMIT $2[0m  [["id", 1], ["LIMIT", 1]]
  ↳ app/controllers/locations_controller.rb:20:in `set_location'
  [1m[36mTemperature Load (1.0ms)[0m  [1m[34mSELECT "temperatures".* FROM "temperatures" WHERE "temperatures"."location_id" = $1[0m  [["location_id", 1]]
  ↳ app/controllers/locations_controller.rb:14:in `show'
Completed 200 OK in 17ms (Views: 0.1ms | ActiveRecord: 11.6ms | Allocations: 2387)


Started GET "/locations/1" for ::1 at 2020-07-01 18:45:56 -0700
Processing by LocationsController#show as */*
  Parameters: {"id"=>"1"}
  [1m[36mLocation Load (0.3ms)[0m  [1m[34mSELECT "locations".* FROM "locations" WHERE "locations"."id" = $1 LIMIT $2[0m  [["id", 1], ["LIMIT", 1]]
  ↳ app/controllers/locations_controller.rb:20:in `set_location'
  [1m[36mTemperature Load (0.2ms)[0m  [1m[34mSELECT "temperatures".* FROM "temperatures" WHERE "temperatures"."location_id" = $1[0m  [["location_id", 1]]
  ↳ app/controllers/locations_controller.rb:14:in `show'
Completed 200 OK in 5ms (Views: 0.1ms | ActiveRecord: 0.5ms | Allocations: 2387)


Started GET "/locations/1" for ::1 at 2020-07-01 18:45:56 -0700
Processing by LocationsController#show as */*
  Parameters: {"id"=>"1"}
  [1m[36mLocation Load (0.3ms)[0m  [1m[34mSELECT "locations".* FROM "locations" WHERE "locations"."id" = $1 LIMIT $2[0m  [["id", 1], ["LIMIT", 1]]
  ↳ app/controllers/locations_controller.rb:20:in `set_location'
  [1m[36mTemperature Load (1.8ms)[0m  [1m[34mSELECT "temperatures".* FROM "temperatures" WHERE "temperatures"."location_id" = $1[0m  [["location_id", 1]]
  ↳ app/controllers/locations_controller.rb:14:in `show'
Completed 200 OK in 8ms (Views: 0.2ms | ActiveRecord: 2.0ms | Allocations: 2387)


Started GET "/locations/1" for ::1 at 2020-07-01 18:45:56 -0700
Processing by LocationsController#show as */*
  Parameters: {"id"=>"1"}
  [1m[36mLocation Load (1.1ms)[0m  [1m[34mSELECT "locations".* FROM "locations" WHERE "locations"."id" = $1 LIMIT $2[0m  [["id", 1], ["LIMIT", 1]]
  ↳ app/controllers/locations_controller.rb:20:in `set_location'
  [1m[36mTemperature Load (18.3ms)[0m  [1m[34mSELECT "temperatures".* FROM "temperatures" WHERE "temperatures"."location_id" = $1[0m  [["location_id", 1]]
  ↳ app/controllers/locations_controller.rb:14:in `show'
Completed 200 OK in 37ms (Views: 0.2ms | ActiveRecord: 19.4ms | Allocations: 2390)


Started GET "/locations/1" for ::1 at 2020-07-01 18:46:05 -0700
Processing by LocationsController#show as */*
  Parameters: {"id"=>"1"}
  [1m[36mLocation Load (7.5ms)[0m  [1m[34mSELECT "locations".* FROM "locations" WHERE "locations"."id" = $1 LIMIT $2[0m  [["id", 1], ["LIMIT", 1]]
  ↳ app/controllers/locations_controller.rb:20:in `set_location'
  [1m[36mTemperature Load (21.4ms)[0m  [1m[34mSELECT "temperatures".* FROM "temperatures" WHERE "temperatures"."location_id" = $1[0m  [["location_id", 1]]
  ↳ app/controllers/locations_controller.rb:14:in `show'
Completed 200 OK in 35ms (Views: 0.2ms | ActiveRecord: 28.9ms | Allocations: 2388)


Started GET "/locations/1" for ::1 at 2020-07-01 18:46:05 -0700
Processing by LocationsController#show as */*
  Parameters: {"id"=>"1"}
  [1m[36mLocation Load (21.4ms)[0m  [1m[34mSELECT "locations".* FROM "locations" WHERE "locations"."id" = $1 LIMIT $2[0m  [["id", 1], ["LIMIT", 1]]
  ↳ app/controllers/locations_controller.rb:20:in `set_location'
  [1m[36mTemperature Load (36.2ms)[0m  [1m[34mSELECT "temperatures".* FROM "temperatures" WHERE "temperatures"."location_id" = $1[0m  [["location_id", 1]]
  ↳ app/controllers/locations_controller.rb:14:in `show'
Completed 200 OK in 64ms (Views: 0.2ms | ActiveRecord: 57.6ms | Allocations: 2387)


Started GET "/locations/1" for ::1 at 2020-07-01 18:46:05 -0700
Processing by LocationsController#show as */*
  Parameters: {"id"=>"1"}
  [1m[36mLocation Load (5.0ms)[0m  [1m[34mSELECT "locations".* FROM "locations" WHERE "locations"."id" = $1 LIMIT $2[0m  [["id", 1], ["LIMIT", 1]]
  ↳ app/controllers/locations_controller.rb:20:in `set_location'
  [1m[36mTemperature Load (18.1ms)[0m  [1m[34mSELECT "temperatures".* FROM "temperatures" WHERE "temperatures"."location_id" = $1[0m  [["location_id", 1]]
  ↳ app/controllers/locations_controller.rb:14:in `show'
Completed 200 OK in 30ms (Views: 0.3ms | ActiveRecord: 23.1ms | Allocations: 2387)


Started GET "/locations/1" for ::1 at 2020-07-01 18:46:13 -0700
Processing by LocationsController#show as */*
  Parameters: {"id"=>"1"}
  [1m[36mLocation Load (12.1ms)[0m  [1m[34mSELECT "locations".* FROM "locations" WHERE "locations"."id" = $1 LIMIT $2[0m  [["id", 1], ["LIMIT", 1]]
  ↳ app/controllers/locations_controller.rb:20:in `set_location'
  [1m[36mTemperature Load (0.3ms)[0m  [1m[34mSELECT "temperatures".* FROM "temperatures" WHERE "temperatures"."location_id" = $1[0m  [["location_id", 1]]
  ↳ app/controllers/locations_controller.rb:14:in `show'
Completed 200 OK in 23ms (Views: 0.2ms | ActiveRecord: 12.4ms | Allocations: 2387)


Started GET "/locations/1" for ::1 at 2020-07-01 18:46:14 -0700
Processing by LocationsController#show as */*
  Parameters: {"id"=>"1"}
  [1m[36mLocation Load (0.5ms)[0m  [1m[34mSELECT "locations".* FROM "locations" WHERE "locations"."id" = $1 LIMIT $2[0m  [["id", 1], ["LIMIT", 1]]
  ↳ app/controllers/locations_controller.rb:20:in `set_location'
  [1m[36mTemperature Load (3.9ms)[0m  [1m[34mSELECT "temperatures".* FROM "temperatures" WHERE "temperatures"."location_id" = $1[0m  [["location_id", 1]]
  ↳ app/controllers/locations_controller.rb:14:in `show'
Completed 200 OK in 12ms (Views: 0.1ms | ActiveRecord: 4.5ms | Allocations: 2387)


Started GET "/locations/1" for ::1 at 2020-07-01 18:46:14 -0700
Processing by LocationsController#show as */*
  Parameters: {"id"=>"1"}
  [1m[36mLocation Load (9.4ms)[0m  [1m[34mSELECT "locations".* FROM "locations" WHERE "locations"."id" = $1 LIMIT $2[0m  [["id", 1], ["LIMIT", 1]]
  ↳ app/controllers/locations_controller.rb:20:in `set_location'
  [1m[36mTemperature Load (17.2ms)[0m  [1m[34mSELECT "temperatures".* FROM "temperatures" WHERE "temperatures"."location_id" = $1[0m  [["location_id", 1]]
  ↳ app/controllers/locations_controller.rb:14:in `show'
Completed 200 OK in 38ms (Views: 0.1ms | ActiveRecord: 26.6ms | Allocations: 2387)


Started GET "/locations/1" for ::1 at 2020-07-01 18:46:18 -0700
Processing by LocationsController#show as */*
  Parameters: {"id"=>"1"}
  [1m[36mLocation Load (4.0ms)[0m  [1m[34mSELECT "locations".* FROM "locations" WHERE "locations"."id" = $1 LIMIT $2[0m  [["id", 1], ["LIMIT", 1]]
  ↳ app/controllers/locations_controller.rb:20:in `set_location'
  [1m[36mTemperature Load (10.1ms)[0m  [1m[34mSELECT "temperatures".* FROM "temperatures" WHERE "temperatures"."location_id" = $1[0m  [["location_id", 1]]
  ↳ app/controllers/locations_controller.rb:14:in `show'
Completed 200 OK in 21ms (Views: 0.1ms | ActiveRecord: 14.0ms | Allocations: 2387)


Started GET "/locations/1" for ::1 at 2020-07-01 18:46:18 -0700
Processing by LocationsController#show as */*
  Parameters: {"id"=>"1"}
  [1m[36mLocation Load (0.3ms)[0m  [1m[34mSELECT "locations".* FROM "locations" WHERE "locations"."id" = $1 LIMIT $2[0m  [["id", 1], ["LIMIT", 1]]
  ↳ app/controllers/locations_controller.rb:20:in `set_location'
  [1m[36mTemperature Load (1.4ms)[0m  [1m[34mSELECT "temperatures".* FROM "temperatures" WHERE "temperatures"."location_id" = $1[0m  [["location_id", 1]]
  ↳ app/controllers/locations_controller.rb:14:in `show'
Completed 200 OK in 9ms (Views: 0.2ms | ActiveRecord: 1.7ms | Allocations: 2387)


Started GET "/locations/1" for ::1 at 2020-07-01 18:46:19 -0700
Processing by LocationsController#show as */*
  Parameters: {"id"=>"1"}
  [1m[36mLocation Load (0.5ms)[0m  [1m[34mSELECT "locations".* FROM "locations" WHERE "locations"."id" = $1 LIMIT $2[0m  [["id", 1], ["LIMIT", 1]]
  ↳ app/controllers/locations_controller.rb:20:in `set_location'
  [1m[36mTemperature Load (0.4ms)[0m  [1m[34mSELECT "temperatures".* FROM "temperatures" WHERE "temperatures"."location_id" = $1[0m  [["location_id", 1]]
  ↳ app/controllers/locations_controller.rb:14:in `show'
Completed 200 OK in 9ms (Views: 0.2ms | ActiveRecord: 0.9ms | Allocations: 2387)


Started GET "/locations/1" for ::1 at 2020-07-01 18:46:23 -0700
Processing by LocationsController#show as */*
  Parameters: {"id"=>"1"}
  [1m[36mLocation Load (11.6ms)[0m  [1m[34mSELECT "locations".* FROM "locations" WHERE "locations"."id" = $1 LIMIT $2[0m  [["id", 1], ["LIMIT", 1]]
  ↳ app/controllers/locations_controller.rb:20:in `set_location'
  [1m[36mTemperature Load (1.6ms)[0m  [1m[34mSELECT "temperatures".* FROM "temperatures" WHERE "temperatures"."location_id" = $1[0m  [["location_id", 1]]
  ↳ app/controllers/locations_controller.rb:14:in `show'
Completed 200 OK in 20ms (Views: 0.2ms | ActiveRecord: 13.2ms | Allocations: 2387)


Started GET "/locations/1" for ::1 at 2020-07-01 18:46:24 -0700
Processing by LocationsController#show as */*
  Parameters: {"id"=>"1"}
  [1m[36mLocation Load (0.9ms)[0m  [1m[34mSELECT "locations".* FROM "locations" WHERE "locations"."id" = $1 LIMIT $2[0m  [["id", 1], ["LIMIT", 1]]
  ↳ app/controllers/locations_controller.rb:20:in `set_location'
  [1m[36mTemperature Load (5.3ms)[0m  [1m[34mSELECT "temperatures".* FROM "temperatures" WHERE "temperatures"."location_id" = $1[0m  [["location_id", 1]]
  ↳ app/controllers/locations_controller.rb:14:in `show'
Completed 200 OK in 13ms (Views: 0.2ms | ActiveRecord: 6.1ms | Allocations: 2387)


Started GET "/locations/1" for ::1 at 2020-07-01 18:46:24 -0700
Processing by LocationsController#show as */*
  Parameters: {"id"=>"1"}
  [1m[36mLocation Load (0.3ms)[0m  [1m[34mSELECT "locations".* FROM "locations" WHERE "locations"."id" = $1 LIMIT $2[0m  [["id", 1], ["LIMIT", 1]]
  ↳ app/controllers/locations_controller.rb:20:in `set_location'
  [1m[36mTemperature Load (0.5ms)[0m  [1m[34mSELECT "temperatures".* FROM "temperatures" WHERE "temperatures"."location_id" = $1[0m  [["location_id", 1]]
  ↳ app/controllers/locations_controller.rb:14:in `show'
Completed 200 OK in 9ms (Views: 0.2ms | ActiveRecord: 0.9ms | Allocations: 2387)


Started GET "/locations/1" for ::1 at 2020-07-01 18:47:06 -0700
Processing by LocationsController#show as */*
  Parameters: {"id"=>"1"}
  [1m[36mLocation Load (8.8ms)[0m  [1m[34mSELECT "locations".* FROM "locations" WHERE "locations"."id" = $1 LIMIT $2[0m  [["id", 1], ["LIMIT", 1]]
  ↳ app/controllers/locations_controller.rb:20:in `set_location'
  [1m[36mTemperature Load (8.3ms)[0m  [1m[34mSELECT "temperatures".* FROM "temperatures" WHERE "temperatures"."location_id" = $1[0m  [["location_id", 1]]
  ↳ app/controllers/locations_controller.rb:14:in `show'
Completed 200 OK in 24ms (Views: 0.2ms | ActiveRecord: 17.1ms | Allocations: 2387)


Started GET "/locations/1" for ::1 at 2020-07-01 18:47:06 -0700
Processing by LocationsController#show as */*
  Parameters: {"id"=>"1"}
  [1m[36mLocation Load (13.9ms)[0m  [1m[34mSELECT "locations".* FROM "locations" WHERE "locations"."id" = $1 LIMIT $2[0m  [["id", 1], ["LIMIT", 1]]
  ↳ app/controllers/locations_controller.rb:20:in `set_location'
  [1m[36mTemperature Load (38.0ms)[0m  [1m[34mSELECT "temperatures".* FROM "temperatures" WHERE "temperatures"."location_id" = $1[0m  [["location_id", 1]]
  ↳ app/controllers/locations_controller.rb:14:in `show'
Completed 200 OK in 57ms (Views: 0.1ms | ActiveRecord: 51.8ms | Allocations: 2387)


Started GET "/locations/1" for ::1 at 2020-07-01 18:47:06 -0700
Processing by LocationsController#show as */*
  Parameters: {"id"=>"1"}
  [1m[36mLocation Load (2.7ms)[0m  [1m[34mSELECT "locations".* FROM "locations" WHERE "locations"."id" = $1 LIMIT $2[0m  [["id", 1], ["LIMIT", 1]]
  ↳ app/controllers/locations_controller.rb:20:in `set_location'
  [1m[36mTemperature Load (10.0ms)[0m  [1m[34mSELECT "temperatures".* FROM "temperatures" WHERE "temperatures"."location_id" = $1[0m  [["location_id", 1]]
  ↳ app/controllers/locations_controller.rb:14:in `show'
Completed 200 OK in 19ms (Views: 0.1ms | ActiveRecord: 12.7ms | Allocations: 2387)


Started GET "/" for ::1 at 2020-08-01 16:29:01 -0700
  [1m[35m (2.8ms)[0m  [1m[34mSELECT "schema_migrations"."version" FROM "schema_migrations" ORDER BY "schema_migrations"."version" ASC[0m
Processing by Rails::WelcomeController#index as HTML
  Rendering /Users/madelineomoore/.rbenv/versions/2.6.3/lib/ruby/gems/2.6.0/gems/railties-6.0.3.2/lib/rails/templates/rails/welcome/index.html.erb
  Rendered /Users/madelineomoore/.rbenv/versions/2.6.3/lib/ruby/gems/2.6.0/gems/railties-6.0.3.2/lib/rails/templates/rails/welcome/index.html.erb (Duration: 10.0ms | Allocations: 488)
Completed 200 OK in 33ms (Views: 20.3ms | ActiveRecord: 0.0ms | Allocations: 2689)


