  [1m[35m (76.2ms)[0m  [1m[35mCREATE DATABASE "trading_app_api_development" ENCODING = 'unicode'[0m
  [1m[35m (72.6ms)[0m  [1m[35mCREATE DATABASE "trading_app_api_test" ENCODING = 'unicode'[0m
  [1m[35m (5.1ms)[0m  [1m[35mCREATE TABLE "schema_migrations" ("version" character varying NOT NULL PRIMARY KEY)[0m
  [1m[35m (4.9ms)[0m  [1m[35mCREATE TABLE "ar_internal_metadata" ("key" character varying NOT NULL PRIMARY KEY, "value" character varying, "created_at" timestamp(6) NOT NULL, "updated_at" timestamp(6) NOT NULL)[0m
  [1m[35m (0.3ms)[0m  [1m[34mSELECT pg_try_advisory_lock(2620032425331935145)[0m
  [1m[35m (0.4ms)[0m  [1m[34mSELECT "schema_migrations"."version" FROM "schema_migrations" ORDER BY "schema_migrations"."version" ASC[0m
Migrating to CreateTraders (20200708000015)
  [1m[35m (0.2ms)[0m  [1m[35mBEGIN[0m
  [1m[35m (4.7ms)[0m  [1m[35mCREATE TABLE "traders" ("id" bigserial primary key, "name" character varying, "money" decimal(8,2), "created_at" timestamp(6) NOT NULL, "updated_at" timestamp(6) NOT NULL)[0m
  [1m[36mprimary::SchemaMigration Create (0.5ms)[0m  [1m[32mINSERT INTO "schema_migrations" ("version") VALUES ($1) RETURNING "version"[0m  [["version", "20200708000015"]]
  [1m[35m (0.4ms)[0m  [1m[35mCOMMIT[0m
Migrating to CreateCommodities (20200708000022)
  [1m[35m (0.3ms)[0m  [1m[35mBEGIN[0m
  [1m[35m (3.9ms)[0m  [1m[35mCREATE TABLE "commodities" ("id" bigserial primary key, "name" character varying, "price" decimal(8,2), "created_at" timestamp(6) NOT NULL, "updated_at" timestamp(6) NOT NULL)[0m
  [1m[36mprimary::SchemaMigration Create (0.5ms)[0m  [1m[32mINSERT INTO "schema_migrations" ("version") VALUES ($1) RETURNING "version"[0m  [["version", "20200708000022"]]
  [1m[35m (0.4ms)[0m  [1m[35mCOMMIT[0m
  [1m[36mActiveRecord::InternalMetadata Load (0.4ms)[0m  [1m[34mSELECT "ar_internal_metadata".* FROM "ar_internal_metadata" WHERE "ar_internal_metadata"."key" = $1 LIMIT $2[0m  [["key", "environment"], ["LIMIT", 1]]
  [1m[35m (0.2ms)[0m  [1m[35mBEGIN[0m
  [1m[36mActiveRecord::InternalMetadata Create (0.6ms)[0m  [1m[32mINSERT INTO "ar_internal_metadata" ("key", "value", "created_at", "updated_at") VALUES ($1, $2, $3, $4) RETURNING "key"[0m  [["key", "environment"], ["value", "development"], ["created_at", "2020-07-08 00:02:19.694143"], ["updated_at", "2020-07-08 00:02:19.694143"]]
  [1m[35m (0.5ms)[0m  [1m[35mCOMMIT[0m
  [1m[35m (0.3ms)[0m  [1m[34mSELECT pg_advisory_unlock(2620032425331935145)[0m
  [1m[35m (0.7ms)[0m  [1m[34mSELECT "schema_migrations"."version" FROM "schema_migrations" ORDER BY "schema_migrations"."version" ASC[0m
  [1m[35m (1.7ms)[0m  [1m[34mSELECT "schema_migrations"."version" FROM "schema_migrations" ORDER BY "schema_migrations"."version" ASC[0m
  [1m[35m (0.3ms)[0m  [1m[35mBEGIN[0m
  [1m[36mTrader Create (1.5ms)[0m  [1m[32mINSERT INTO "traders" ("name", "money", "created_at", "updated_at") VALUES ($1, $2, $3, $4) RETURNING "id"[0m  [["name", "Slimer"], ["money", "1000.0"], ["created_at", "2020-07-08 00:04:44.987175"], ["updated_at", "2020-07-08 00:04:44.987175"]]
  [1m[35m (0.6ms)[0m  [1m[35mCOMMIT[0m
  [1m[35m (0.2ms)[0m  [1m[35mBEGIN[0m
  [1m[36mTrader Create (0.5ms)[0m  [1m[32mINSERT INTO "traders" ("name", "money", "created_at", "updated_at") VALUES ($1, $2, $3, $4) RETURNING "id"[0m  [["name", "Skeletor"], ["money", "1000.0"], ["created_at", "2020-07-08 00:04:44.996434"], ["updated_at", "2020-07-08 00:04:44.996434"]]
  [1m[35m (0.5ms)[0m  [1m[35mCOMMIT[0m
  [1m[35m (0.3ms)[0m  [1m[35mBEGIN[0m
  [1m[36mTrader Create (0.5ms)[0m  [1m[32mINSERT INTO "traders" ("name", "money", "created_at", "updated_at") VALUES ($1, $2, $3, $4) RETURNING "id"[0m  [["name", "Dame Edna"], ["money", "1000.0"], ["created_at", "2020-07-08 00:04:45.004586"], ["updated_at", "2020-07-08 00:04:45.004586"]]
  [1m[35m (0.6ms)[0m  [1m[35mCOMMIT[0m
  [1m[35m (0.2ms)[0m  [1m[35mBEGIN[0m
  [1m[36mTrader Create (0.5ms)[0m  [1m[32mINSERT INTO "traders" ("name", "money", "created_at", "updated_at") VALUES ($1, $2, $3, $4) RETURNING "id"[0m  [["name", "Cousin It"], ["money", "1000.0"], ["created_at", "2020-07-08 00:04:45.012528"], ["updated_at", "2020-07-08 00:04:45.012528"]]
  [1m[35m (0.6ms)[0m  [1m[35mCOMMIT[0m
  [1m[35m (0.2ms)[0m  [1m[35mBEGIN[0m
  [1m[36mTrader Create (0.5ms)[0m  [1m[32mINSERT INTO "traders" ("name", "money", "created_at", "updated_at") VALUES ($1, $2, $3, $4) RETURNING "id"[0m  [["name", "Boomhauer"], ["money", "1000.0"], ["created_at", "2020-07-08 00:04:45.020592"], ["updated_at", "2020-07-08 00:04:45.020592"]]
  [1m[35m (0.6ms)[0m  [1m[35mCOMMIT[0m
  [1m[35m (0.2ms)[0m  [1m[35mBEGIN[0m
  [1m[36mTrader Create (0.6ms)[0m  [1m[32mINSERT INTO "traders" ("name", "money", "created_at", "updated_at") VALUES ($1, $2, $3, $4) RETURNING "id"[0m  [["name", "Molly Ringwald"], ["money", "1000.0"], ["created_at", "2020-07-08 00:04:45.027506"], ["updated_at", "2020-07-08 00:04:45.027506"]]
  [1m[35m (0.7ms)[0m  [1m[35mCOMMIT[0m
  [1m[35m (0.2ms)[0m  [1m[35mBEGIN[0m
  [1m[36mTrader Create (0.5ms)[0m  [1m[32mINSERT INTO "traders" ("name", "money", "created_at", "updated_at") VALUES ($1, $2, $3, $4) RETURNING "id"[0m  [["name", "Vander Von Odd"], ["money", "1000.0"], ["created_at", "2020-07-08 00:04:45.034720"], ["updated_at", "2020-07-08 00:04:45.034720"]]
  [1m[35m (0.5ms)[0m  [1m[35mCOMMIT[0m
  [1m[35m (0.2ms)[0m  [1m[35mBEGIN[0m
  [1m[36mTrader Create (0.4ms)[0m  [1m[32mINSERT INTO "traders" ("name", "money", "created_at", "updated_at") VALUES ($1, $2, $3, $4) RETURNING "id"[0m  [["name", "James A. Garfield"], ["money", "1000.0"], ["created_at", "2020-07-08 00:04:45.041614"], ["updated_at", "2020-07-08 00:04:45.041614"]]
  [1m[35m (0.5ms)[0m  [1m[35mCOMMIT[0m
  [1m[35m (0.2ms)[0m  [1m[35mBEGIN[0m
  [1m[36mTrader Create (0.4ms)[0m  [1m[32mINSERT INTO "traders" ("name", "money", "created_at", "updated_at") VALUES ($1, $2, $3, $4) RETURNING "id"[0m  [["name", "Krang"], ["money", "123456.78"], ["created_at", "2020-07-08 00:04:45.048295"], ["updated_at", "2020-07-08 00:04:45.048295"]]
  [1m[35m (0.4ms)[0m  [1m[35mCOMMIT[0m
  [1m[35m (0.2ms)[0m  [1m[35mBEGIN[0m
  [1m[36mTrader Create (0.5ms)[0m  [1m[32mINSERT INTO "traders" ("name", "money", "created_at", "updated_at") VALUES ($1, $2, $3, $4) RETURNING "id"[0m  [["name", "Carl Sagan"], ["money", "1000.54"], ["created_at", "2020-07-08 00:04:45.055404"], ["updated_at", "2020-07-08 00:04:45.055404"]]
  [1m[35m (0.4ms)[0m  [1m[35mCOMMIT[0m
  [1m[35m (0.2ms)[0m  [1m[35mBEGIN[0m
  [1m[36mCommodity Create (1.1ms)[0m  [1m[32mINSERT INTO "commodities" ("name", "price", "created_at", "updated_at") VALUES ($1, $2, $3, $4) RETURNING "id"[0m  [["name", "Oil"], ["price", "53.28"], ["created_at", "2020-07-08 00:04:45.105885"], ["updated_at", "2020-07-08 00:04:45.105885"]]
  [1m[35m (0.5ms)[0m  [1m[35mCOMMIT[0m
  [1m[35m (0.2ms)[0m  [1m[35mBEGIN[0m
  [1m[36mCommodity Create (0.5ms)[0m  [1m[32mINSERT INTO "commodities" ("name", "price", "created_at", "updated_at") VALUES ($1, $2, $3, $4) RETURNING "id"[0m  [["name", "Gold"], ["price", "1216.7"], ["created_at", "2020-07-08 00:04:45.113725"], ["updated_at", "2020-07-08 00:04:45.113725"]]
  [1m[35m (0.6ms)[0m  [1m[35mCOMMIT[0m
  [1m[35m (0.2ms)[0m  [1m[35mBEGIN[0m
  [1m[36mCommodity Create (0.4ms)[0m  [1m[32mINSERT INTO "commodities" ("name", "price", "created_at", "updated_at") VALUES ($1, $2, $3, $4) RETURNING "id"[0m  [["name", "Natural Gas"], ["price", "3.18"], ["created_at", "2020-07-08 00:04:45.120548"], ["updated_at", "2020-07-08 00:04:45.120548"]]
  [1m[35m (0.8ms)[0m  [1m[35mCOMMIT[0m
  [1m[35m (0.2ms)[0m  [1m[35mBEGIN[0m
  [1m[36mCommodity Create (0.5ms)[0m  [1m[32mINSERT INTO "commodities" ("name", "price", "created_at", "updated_at") VALUES ($1, $2, $3, $4) RETURNING "id"[0m  [["name", "Copper"], ["price", "2.65"], ["created_at", "2020-07-08 00:04:45.127355"], ["updated_at", "2020-07-08 00:04:45.127355"]]
  [1m[35m (0.5ms)[0m  [1m[35mCOMMIT[0m
  [1m[35m (0.3ms)[0m  [1m[35mBEGIN[0m
  [1m[36mCommodity Create (0.5ms)[0m  [1m[32mINSERT INTO "commodities" ("name", "price", "created_at", "updated_at") VALUES ($1, $2, $3, $4) RETURNING "id"[0m  [["name", "Gasoline"], ["price", "1.6"], ["created_at", "2020-07-08 00:04:45.134032"], ["updated_at", "2020-07-08 00:04:45.134032"]]
  [1m[35m (0.5ms)[0m  [1m[35mCOMMIT[0m
  [1m[35m (0.3ms)[0m  [1m[35mBEGIN[0m
  [1m[36mCommodity Create (0.5ms)[0m  [1m[32mINSERT INTO "commodities" ("name", "price", "created_at", "updated_at") VALUES ($1, $2, $3, $4) RETURNING "id"[0m  [["name", "Silver"], ["price", "17.95"], ["created_at", "2020-07-08 00:04:45.140423"], ["updated_at", "2020-07-08 00:04:45.140423"]]
  [1m[35m (0.4ms)[0m  [1m[35mCOMMIT[0m
  [1m[35m (0.2ms)[0m  [1m[35mBEGIN[0m
  [1m[36mCommodity Create (0.5ms)[0m  [1m[32mINSERT INTO "commodities" ("name", "price", "created_at", "updated_at") VALUES ($1, $2, $3, $4) RETURNING "id"[0m  [["name", "Wheat"], ["price", "428.2"], ["created_at", "2020-07-08 00:04:45.147441"], ["updated_at", "2020-07-08 00:04:45.147441"]]
  [1m[35m (0.5ms)[0m  [1m[35mCOMMIT[0m
  [1m[35m (0.3ms)[0m  [1m[35mBEGIN[0m
  [1m[36mCommodity Create (0.4ms)[0m  [1m[32mINSERT INTO "commodities" ("name", "price", "created_at", "updated_at") VALUES ($1, $2, $3, $4) RETURNING "id"[0m  [["name", "Coffee"], ["price", "153.2"], ["created_at", "2020-07-08 00:04:45.154054"], ["updated_at", "2020-07-08 00:04:45.154054"]]
  [1m[35m (0.4ms)[0m  [1m[35mCOMMIT[0m
  [1m[35m (0.3ms)[0m  [1m[35mBEGIN[0m
  [1m[36mCommodity Create (0.6ms)[0m  [1m[32mINSERT INTO "commodities" ("name", "price", "created_at", "updated_at") VALUES ($1, $2, $3, $4) RETURNING "id"[0m  [["name", "Lumber"], ["price", "325.5"], ["created_at", "2020-07-08 00:04:45.160433"], ["updated_at", "2020-07-08 00:04:45.160433"]]
  [1m[35m (0.5ms)[0m  [1m[35mCOMMIT[0m
  [1m[35m (0.3ms)[0m  [1m[35mBEGIN[0m
  [1m[36mCommodity Create (0.4ms)[0m  [1m[32mINSERT INTO "commodities" ("name", "price", "created_at", "updated_at") VALUES ($1, $2, $3, $4) RETURNING "id"[0m  [["name", "Milk"], ["price", "16.77"], ["created_at", "2020-07-08 00:04:45.168952"], ["updated_at", "2020-07-08 00:04:45.168952"]]
  [1m[35m (0.5ms)[0m  [1m[35mCOMMIT[0m
Started GET "/" for ::1 at 2020-07-07 17:05:16 -0700
  [1m[35m (1.9ms)[0m  [1m[34mSELECT "schema_migrations"."version" FROM "schema_migrations" ORDER BY "schema_migrations"."version" ASC[0m
Processing by Rails::WelcomeController#index as HTML
  Rendering /Users/madelineomoore/.rbenv/versions/2.6.3/lib/ruby/gems/2.6.0/gems/railties-6.0.3.2/lib/rails/templates/rails/welcome/index.html.erb
  Rendered /Users/madelineomoore/.rbenv/versions/2.6.3/lib/ruby/gems/2.6.0/gems/railties-6.0.3.2/lib/rails/templates/rails/welcome/index.html.erb (Duration: 16.7ms | Allocations: 479)
Completed 200 OK in 46ms (Views: 29.9ms | ActiveRecord: 0.0ms | Allocations: 2600)


Started GET "/traders" for ::1 at 2020-07-07 17:05:21 -0700
Processing by TradersController#index as HTML
  [1m[36mTrader Load (1.3ms)[0m  [1m[34mSELECT "traders".* FROM "traders"[0m
  ↳ app/controllers/traders_controller.rb:8:in `index'
Completed 200 OK in 41ms (Views: 26.1ms | ActiveRecord: 12.3ms | Allocations: 6114)


  [1m[35m (0.3ms)[0m  [1m[34mSELECT pg_try_advisory_lock(2620032425331935145)[0m
  [1m[35m (1.0ms)[0m  [1m[34mSELECT "schema_migrations"."version" FROM "schema_migrations" ORDER BY "schema_migrations"."version" ASC[0m
Migrating to CreateLedgers (20200708001702)
  [1m[35m (0.3ms)[0m  [1m[35mBEGIN[0m
  [1m[35m (9.6ms)[0m  [1m[35mCREATE TABLE "ledgers" ("id" bigserial primary key, "trader_id" bigint NOT NULL, "commodity_id" bigint NOT NULL, "qty" integer, "created_at" timestamp(6) NOT NULL, "updated_at" timestamp(6) NOT NULL, CONSTRAINT "fk_rails_1fda0a9b92"
FOREIGN KEY ("trader_id")
  REFERENCES "traders" ("id")
, CONSTRAINT "fk_rails_d6b5a24f96"
FOREIGN KEY ("commodity_id")
  REFERENCES "commodities" ("id")
)[0m
  [1m[35m (2.4ms)[0m  [1m[35mCREATE  INDEX  "index_ledgers_on_trader_id" ON "ledgers"  ("trader_id")[0m
  [1m[35m (2.1ms)[0m  [1m[35mCREATE  INDEX  "index_ledgers_on_commodity_id" ON "ledgers"  ("commodity_id")[0m
  [1m[36mprimary::SchemaMigration Create (0.9ms)[0m  [1m[32mINSERT INTO "schema_migrations" ("version") VALUES ($1) RETURNING "version"[0m  [["version", "20200708001702"]]
  [1m[35m (1.0ms)[0m  [1m[35mCOMMIT[0m
  [1m[36mActiveRecord::InternalMetadata Load (1.8ms)[0m  [1m[34mSELECT "ar_internal_metadata".* FROM "ar_internal_metadata" WHERE "ar_internal_metadata"."key" = $1 LIMIT $2[0m  [["key", "environment"], ["LIMIT", 1]]
  [1m[35m (0.6ms)[0m  [1m[34mSELECT pg_advisory_unlock(2620032425331935145)[0m
  [1m[35m (1.9ms)[0m  [1m[34mSELECT "schema_migrations"."version" FROM "schema_migrations" ORDER BY "schema_migrations"."version" ASC[0m
  [1m[36mTrader Load (1.8ms)[0m  [1m[34mSELECT "traders".* FROM "traders" WHERE "traders"."id" = $1 LIMIT $2[0m  [["id", 1], ["LIMIT", 1]]
  [1m[36mTrader Load (1.5ms)[0m  [1m[34mSELECT "traders".* FROM "traders" WHERE "traders"."id" = $1 LIMIT $2[0m  [["id", 1], ["LIMIT", 1]]
  [1m[36mTrader Exists? (0.9ms)[0m  [1m[34mSELECT 1 AS one FROM "traders" LIMIT $1[0m  [["LIMIT", 1]]
  [1m[36mTrader Load (0.7ms)[0m  [1m[34mSELECT "traders".* FROM "traders"[0m
  [1m[36mCommodity Exists? (0.9ms)[0m  [1m[34mSELECT 1 AS one FROM "commodities" LIMIT $1[0m  [["LIMIT", 1]]
  [1m[36mCommodity Load (0.8ms)[0m  [1m[34mSELECT "commodities".* FROM "commodities"[0m
  [1m[35m (0.4ms)[0m  [1m[35mBEGIN[0m
  [1m[36mTrader Load (0.7ms)[0m  [1m[34mSELECT "traders".* FROM "traders" WHERE "traders"."id" = $1 LIMIT $2[0m  [["id", 1], ["LIMIT", 1]]
  [1m[36mCommodity Load (0.9ms)[0m  [1m[34mSELECT "commodities".* FROM "commodities" WHERE "commodities"."id" = $1 LIMIT $2[0m  [["id", 1], ["LIMIT", 1]]
  [1m[36mLedger Create (8.3ms)[0m  [1m[32mINSERT INTO "ledgers" ("trader_id", "commodity_id", "qty", "created_at", "updated_at") VALUES ($1, $2, $3, $4, $5) RETURNING "id"[0m  [["trader_id", 1], ["commodity_id", 1], ["qty", 1], ["created_at", "2020-07-08 00:30:07.227450"], ["updated_at", "2020-07-08 00:30:07.227450"]]
  [1m[35m (0.8ms)[0m  [1m[35mCOMMIT[0m
  [1m[35m (0.1ms)[0m  [1m[35mBEGIN[0m
  [1m[36mTrader Load (0.2ms)[0m  [1m[34mSELECT "traders".* FROM "traders" WHERE "traders"."id" = $1 LIMIT $2[0m  [["id", 2], ["LIMIT", 1]]
  [1m[36mCommodity Load (0.2ms)[0m  [1m[34mSELECT "commodities".* FROM "commodities" WHERE "commodities"."id" = $1 LIMIT $2[0m  [["id", 1], ["LIMIT", 1]]
  [1m[36mLedger Create (0.3ms)[0m  [1m[32mINSERT INTO "ledgers" ("trader_id", "commodity_id", "qty", "created_at", "updated_at") VALUES ($1, $2, $3, $4, $5) RETURNING "id"[0m  [["trader_id", 2], ["commodity_id", 1], ["qty", 1], ["created_at", "2020-07-08 00:32:28.630863"], ["updated_at", "2020-07-08 00:32:28.630863"]]
  [1m[35m (1.4ms)[0m  [1m[35mCOMMIT[0m
  [1m[36mLedger Exists? (0.4ms)[0m  [1m[34mSELECT 1 AS one FROM "ledgers" LIMIT $1[0m  [["LIMIT", 1]]
  [1m[36mLedger Load (0.3ms)[0m  [1m[34mSELECT "ledgers".* FROM "ledgers"[0m
  [1m[36mTrader Load (0.5ms)[0m  [1m[34mSELECT "traders".* FROM "traders" WHERE "traders"."id" = $1 LIMIT $2[0m  [["id", 1], ["LIMIT", 1]]
  [1m[36mTrader Load (0.6ms)[0m  [1m[34mSELECT "traders".* FROM "traders" WHERE "traders"."id" = $1 LIMIT $2[0m  [["id", 1], ["LIMIT", 1]]
  [1m[36mCommodity Exists? (1.0ms)[0m  [1m[34mSELECT 1 AS one FROM "commodities" INNER JOIN "ledgers" ON "commodities"."id" = "ledgers"."commodity_id" WHERE "ledgers"."trader_id" = $1 LIMIT $2[0m  [["trader_id", 1], ["LIMIT", 1]]
  [1m[36mCommodity Load (0.4ms)[0m  [1m[34mSELECT "commodities".* FROM "commodities" INNER JOIN "ledgers" ON "commodities"."id" = "ledgers"."commodity_id" WHERE "ledgers"."trader_id" = $1[0m  [["trader_id", 1]]
  [1m[36mLedger Exists? (0.3ms)[0m  [1m[34mSELECT 1 AS one FROM "ledgers" LIMIT $1[0m  [["LIMIT", 1]]
  [1m[36mLedger Load (0.2ms)[0m  [1m[34mSELECT "ledgers".* FROM "ledgers"[0m
  [1m[35m (0.2ms)[0m  [1m[35mBEGIN[0m
  [1m[36mTrader Load (0.3ms)[0m  [1m[34mSELECT "traders".* FROM "traders" WHERE "traders"."id" = $1 LIMIT $2[0m  [["id", 1], ["LIMIT", 1]]
  [1m[36mCommodity Load (0.3ms)[0m  [1m[34mSELECT "commodities".* FROM "commodities" WHERE "commodities"."id" = $1 LIMIT $2[0m  [["id", 2], ["LIMIT", 1]]
  [1m[36mLedger Create (0.9ms)[0m  [1m[32mINSERT INTO "ledgers" ("trader_id", "commodity_id", "qty", "created_at", "updated_at") VALUES ($1, $2, $3, $4, $5) RETURNING "id"[0m  [["trader_id", 1], ["commodity_id", 2], ["qty", 1], ["created_at", "2020-07-08 01:01:31.659347"], ["updated_at", "2020-07-08 01:01:31.659347"]]
  [1m[35m (1.5ms)[0m  [1m[35mCOMMIT[0m
  [1m[35m (0.2ms)[0m  [1m[35mBEGIN[0m
  [1m[36mTrader Load (0.3ms)[0m  [1m[34mSELECT "traders".* FROM "traders" WHERE "traders"."id" = $1 LIMIT $2[0m  [["id", 2], ["LIMIT", 1]]
  [1m[36mCommodity Load (0.2ms)[0m  [1m[34mSELECT "commodities".* FROM "commodities" WHERE "commodities"."id" = $1 LIMIT $2[0m  [["id", 2], ["LIMIT", 1]]
  [1m[36mLedger Create (0.4ms)[0m  [1m[32mINSERT INTO "ledgers" ("trader_id", "commodity_id", "qty", "created_at", "updated_at") VALUES ($1, $2, $3, $4, $5) RETURNING "id"[0m  [["trader_id", 2], ["commodity_id", 2], ["qty", 1], ["created_at", "2020-07-08 01:02:07.965550"], ["updated_at", "2020-07-08 01:02:07.965550"]]
  [1m[35m (0.7ms)[0m  [1m[35mCOMMIT[0m
  [1m[36mLedger Exists? (0.4ms)[0m  [1m[34mSELECT 1 AS one FROM "ledgers" LIMIT $1[0m  [["LIMIT", 1]]
  [1m[36mLedger Load (0.2ms)[0m  [1m[34mSELECT "ledgers".* FROM "ledgers"[0m
  [1m[36mTrader Load (0.3ms)[0m  [1m[34mSELECT "traders".* FROM "traders" WHERE "traders"."id" = $1 LIMIT $2[0m  [["id", 1], ["LIMIT", 1]]
  [1m[36mCommodity Exists? (0.7ms)[0m  [1m[34mSELECT 1 AS one FROM "commodities" INNER JOIN "ledgers" ON "commodities"."id" = "ledgers"."commodity_id" WHERE "ledgers"."trader_id" = $1 LIMIT $2[0m  [["trader_id", 1], ["LIMIT", 1]]
  [1m[36mCommodity Load (1.2ms)[0m  [1m[34mSELECT "commodities".* FROM "commodities" INNER JOIN "ledgers" ON "commodities"."id" = "ledgers"."commodity_id" WHERE "ledgers"."trader_id" = $1[0m  [["trader_id", 1]]
  [1m[36mTrader Load (0.3ms)[0m  [1m[34mSELECT "traders".* FROM "traders" WHERE "traders"."id" = $1 LIMIT $2[0m  [["id", 2], ["LIMIT", 1]]
  [1m[36mCommodity Exists? (0.5ms)[0m  [1m[34mSELECT 1 AS one FROM "commodities" INNER JOIN "ledgers" ON "commodities"."id" = "ledgers"."commodity_id" WHERE "ledgers"."trader_id" = $1 LIMIT $2[0m  [["trader_id", 2], ["LIMIT", 1]]
  [1m[36mCommodity Load (0.5ms)[0m  [1m[34mSELECT "commodities".* FROM "commodities" INNER JOIN "ledgers" ON "commodities"."id" = "ledgers"."commodity_id" WHERE "ledgers"."trader_id" = $1[0m  [["trader_id", 2]]
  [1m[36mTrader Load (0.3ms)[0m  [1m[34mSELECT "traders".* FROM "traders" WHERE "traders"."id" = $1 LIMIT $2[0m  [["id", 1], ["LIMIT", 1]]
  [1m[36mLedger Load (0.2ms)[0m  [1m[34mSELECT "ledgers".* FROM "ledgers" WHERE "ledgers"."trader_id" = $1 LIMIT $2[0m  [["trader_id", 1], ["LIMIT", 11]]
  [1m[36mTrader Load (0.4ms)[0m  [1m[34mSELECT "traders".* FROM "traders" WHERE "traders"."id" = $1 LIMIT $2[0m  [["id", 1], ["LIMIT", 1]]
  [1m[36mLedger Exists? (0.5ms)[0m  [1m[34mSELECT 1 AS one FROM "ledgers" WHERE "ledgers"."trader_id" = $1 LIMIT $2[0m  [["trader_id", 1], ["LIMIT", 1]]
  [1m[36mLedger Load (0.3ms)[0m  [1m[34mSELECT "ledgers".* FROM "ledgers" WHERE "ledgers"."trader_id" = $1[0m  [["trader_id", 1]]
  [1m[36mCommodity Load (0.3ms)[0m  [1m[34mSELECT "commodities".* FROM "commodities" WHERE "commodities"."id" = $1 LIMIT $2[0m  [["id", 1], ["LIMIT", 1]]
  [1m[36mLedger Exists? (0.3ms)[0m  [1m[34mSELECT 1 AS one FROM "ledgers" WHERE "ledgers"."commodity_id" = $1 LIMIT $2[0m  [["commodity_id", 1], ["LIMIT", 1]]
  [1m[36mLedger Load (0.3ms)[0m  [1m[34mSELECT "ledgers".* FROM "ledgers" WHERE "ledgers"."commodity_id" = $1[0m  [["commodity_id", 1]]
  [1m[36mTrader Load (0.3ms)[0m  [1m[34mSELECT "traders".* FROM "traders" WHERE "traders"."id" = $1 LIMIT $2[0m  [["id", 1], ["LIMIT", 1]]
  [1m[35m (0.1ms)[0m  [1m[35mBEGIN[0m
  [1m[36mCommodity Load (0.2ms)[0m  [1m[34mSELECT "commodities".* FROM "commodities" WHERE "commodities"."id" = $1 LIMIT $2[0m  [["id", 8], ["LIMIT", 1]]
  [1m[36mLedger Create (0.5ms)[0m  [1m[32mINSERT INTO "ledgers" ("trader_id", "commodity_id", "qty", "created_at", "updated_at") VALUES ($1, $2, $3, $4, $5) RETURNING "id"[0m  [["trader_id", 1], ["commodity_id", 8], ["qty", 8], ["created_at", "2020-07-08 01:11:27.345314"], ["updated_at", "2020-07-08 01:11:27.345314"]]
  [1m[35m (0.6ms)[0m  [1m[35mCOMMIT[0m
  [1m[36mTrader Load (0.3ms)[0m  [1m[34mSELECT "traders".* FROM "traders" WHERE "traders"."id" = $1 LIMIT $2[0m  [["id", 1], ["LIMIT", 1]]
  [1m[36mCommodity Exists? (0.5ms)[0m  [1m[34mSELECT 1 AS one FROM "commodities" INNER JOIN "ledgers" ON "commodities"."id" = "ledgers"."commodity_id" WHERE "ledgers"."trader_id" = $1 LIMIT $2[0m  [["trader_id", 1], ["LIMIT", 1]]
  [1m[36mCommodity Load (0.4ms)[0m  [1m[34mSELECT "commodities".* FROM "commodities" INNER JOIN "ledgers" ON "commodities"."id" = "ledgers"."commodity_id" WHERE "ledgers"."trader_id" = $1[0m  [["trader_id", 1]]
  [1m[36mLedger Exists? (0.4ms)[0m  [1m[34mSELECT 1 AS one FROM "ledgers" LIMIT $1[0m  [["LIMIT", 1]]
  [1m[36mLedger Load (0.2ms)[0m  [1m[34mSELECT "ledgers".* FROM "ledgers"[0m
  [1m[36mCommodity Load (0.4ms)[0m  [1m[34mSELECT "commodities".* FROM "commodities" WHERE "commodities"."id" = $1 LIMIT $2[0m  [["id", 4], ["LIMIT", 1]]
  [1m[35m (0.1ms)[0m  [1m[35mBEGIN[0m
  [1m[36mTrader Create (0.4ms)[0m  [1m[32mINSERT INTO "traders" ("name", "money", "created_at", "updated_at") VALUES ($1, $2, $3, $4) RETURNING "id"[0m  [["name", "Dumbo"], ["money", "1.0"], ["created_at", "2020-07-08 01:17:09.097537"], ["updated_at", "2020-07-08 01:17:09.097537"]]
  [1m[36mLedger Create (0.4ms)[0m  [1m[32mINSERT INTO "ledgers" ("trader_id", "commodity_id", "created_at", "updated_at") VALUES ($1, $2, $3, $4) RETURNING "id"[0m  [["trader_id", 11], ["commodity_id", 4], ["created_at", "2020-07-08 01:17:09.099786"], ["updated_at", "2020-07-08 01:17:09.099786"]]
  [1m[35m (0.6ms)[0m  [1m[35mCOMMIT[0m
  [1m[36mCommodity Load (0.5ms)[0m  [1m[34mSELECT "commodities".* FROM "commodities" WHERE "commodities"."id" = $1 LIMIT $2[0m  [["id", 4], ["LIMIT", 1]]
  [1m[36mLedger Exists? (0.3ms)[0m  [1m[34mSELECT 1 AS one FROM "ledgers" WHERE "ledgers"."commodity_id" = $1 LIMIT $2[0m  [["commodity_id", 4], ["LIMIT", 1]]
  [1m[36mLedger Load (0.2ms)[0m  [1m[34mSELECT "ledgers".* FROM "ledgers" WHERE "ledgers"."commodity_id" = $1[0m  [["commodity_id", 4]]
Started GET "/traders" for ::1 at 2020-07-07 18:23:51 -0700
  [1m[35m (0.7ms)[0m  [1m[34mSELECT "schema_migrations"."version" FROM "schema_migrations" ORDER BY "schema_migrations"."version" ASC[0m
Processing by TradersController#index as HTML
  [1m[36mTrader Load (0.8ms)[0m  [1m[34mSELECT "traders".* FROM "traders"[0m
  ↳ app/controllers/traders_controller.rb:8:in `index'
  [1m[36mCommodity Load (0.8ms)[0m  [1m[34mSELECT "commodities".* FROM "commodities" INNER JOIN "ledgers" ON "commodities"."id" = "ledgers"."commodity_id" WHERE "ledgers"."trader_id" = $1[0m  [["trader_id", 1]]
  ↳ app/controllers/traders_controller.rb:8:in `index'
  [1m[36mCommodity Load (0.4ms)[0m  [1m[34mSELECT "commodities".* FROM "commodities" INNER JOIN "ledgers" ON "commodities"."id" = "ledgers"."commodity_id" WHERE "ledgers"."trader_id" = $1[0m  [["trader_id", 2]]
  ↳ app/controllers/traders_controller.rb:8:in `index'
  [1m[36mCommodity Load (0.4ms)[0m  [1m[34mSELECT "commodities".* FROM "commodities" INNER JOIN "ledgers" ON "commodities"."id" = "ledgers"."commodity_id" WHERE "ledgers"."trader_id" = $1[0m  [["trader_id", 3]]
  ↳ app/controllers/traders_controller.rb:8:in `index'
  [1m[36mCommodity Load (0.6ms)[0m  [1m[34mSELECT "commodities".* FROM "commodities" INNER JOIN "ledgers" ON "commodities"."id" = "ledgers"."commodity_id" WHERE "ledgers"."trader_id" = $1[0m  [["trader_id", 4]]
  ↳ app/controllers/traders_controller.rb:8:in `index'
  [1m[36mCommodity Load (0.5ms)[0m  [1m[34mSELECT "commodities".* FROM "commodities" INNER JOIN "ledgers" ON "commodities"."id" = "ledgers"."commodity_id" WHERE "ledgers"."trader_id" = $1[0m  [["trader_id", 5]]
  ↳ app/controllers/traders_controller.rb:8:in `index'
  [1m[36mCommodity Load (0.4ms)[0m  [1m[34mSELECT "commodities".* FROM "commodities" INNER JOIN "ledgers" ON "commodities"."id" = "ledgers"."commodity_id" WHERE "ledgers"."trader_id" = $1[0m  [["trader_id", 6]]
  ↳ app/controllers/traders_controller.rb:8:in `index'
  [1m[36mCommodity Load (0.4ms)[0m  [1m[34mSELECT "commodities".* FROM "commodities" INNER JOIN "ledgers" ON "commodities"."id" = "ledgers"."commodity_id" WHERE "ledgers"."trader_id" = $1[0m  [["trader_id", 7]]
  ↳ app/controllers/traders_controller.rb:8:in `index'
  [1m[36mCommodity Load (0.2ms)[0m  [1m[34mSELECT "commodities".* FROM "commodities" INNER JOIN "ledgers" ON "commodities"."id" = "ledgers"."commodity_id" WHERE "ledgers"."trader_id" = $1[0m  [["trader_id", 8]]
  ↳ app/controllers/traders_controller.rb:8:in `index'
  [1m[36mCommodity Load (0.2ms)[0m  [1m[34mSELECT "commodities".* FROM "commodities" INNER JOIN "ledgers" ON "commodities"."id" = "ledgers"."commodity_id" WHERE "ledgers"."trader_id" = $1[0m  [["trader_id", 9]]
  ↳ app/controllers/traders_controller.rb:8:in `index'
  [1m[36mCommodity Load (0.3ms)[0m  [1m[34mSELECT "commodities".* FROM "commodities" INNER JOIN "ledgers" ON "commodities"."id" = "ledgers"."commodity_id" WHERE "ledgers"."trader_id" = $1[0m  [["trader_id", 10]]
  ↳ app/controllers/traders_controller.rb:8:in `index'
  [1m[36mCommodity Load (0.3ms)[0m  [1m[34mSELECT "commodities".* FROM "commodities" INNER JOIN "ledgers" ON "commodities"."id" = "ledgers"."commodity_id" WHERE "ledgers"."trader_id" = $1[0m  [["trader_id", 11]]
  ↳ app/controllers/traders_controller.rb:8:in `index'
Completed 200 OK in 76ms (Views: 0.2ms | ActiveRecord: 16.6ms | Allocations: 28603)


Started GET "/commodities" for ::1 at 2020-07-07 18:24:07 -0700
Processing by CommoditiesController#index as HTML
  [1m[36mCommodity Load (0.4ms)[0m  [1m[34mSELECT "commodities".* FROM "commodities"[0m
  ↳ app/controllers/commodities_controller.rb:8:in `index'
  [1m[36mTrader Load (0.5ms)[0m  [1m[34mSELECT "traders".* FROM "traders" INNER JOIN "ledgers" ON "traders"."id" = "ledgers"."trader_id" WHERE "ledgers"."commodity_id" = $1[0m  [["commodity_id", 1]]
  ↳ app/controllers/commodities_controller.rb:8:in `index'
  [1m[36mTrader Load (0.7ms)[0m  [1m[34mSELECT "traders".* FROM "traders" INNER JOIN "ledgers" ON "traders"."id" = "ledgers"."trader_id" WHERE "ledgers"."commodity_id" = $1[0m  [["commodity_id", 2]]
  ↳ app/controllers/commodities_controller.rb:8:in `index'
  [1m[36mTrader Load (0.4ms)[0m  [1m[34mSELECT "traders".* FROM "traders" INNER JOIN "ledgers" ON "traders"."id" = "ledgers"."trader_id" WHERE "ledgers"."commodity_id" = $1[0m  [["commodity_id", 3]]
  ↳ app/controllers/commodities_controller.rb:8:in `index'
  [1m[36mTrader Load (0.3ms)[0m  [1m[34mSELECT "traders".* FROM "traders" INNER JOIN "ledgers" ON "traders"."id" = "ledgers"."trader_id" WHERE "ledgers"."commodity_id" = $1[0m  [["commodity_id", 4]]
  ↳ app/controllers/commodities_controller.rb:8:in `index'
  [1m[36mTrader Load (0.4ms)[0m  [1m[34mSELECT "traders".* FROM "traders" INNER JOIN "ledgers" ON "traders"."id" = "ledgers"."trader_id" WHERE "ledgers"."commodity_id" = $1[0m  [["commodity_id", 5]]
  ↳ app/controllers/commodities_controller.rb:8:in `index'
  [1m[36mTrader Load (0.6ms)[0m  [1m[34mSELECT "traders".* FROM "traders" INNER JOIN "ledgers" ON "traders"."id" = "ledgers"."trader_id" WHERE "ledgers"."commodity_id" = $1[0m  [["commodity_id", 6]]
  ↳ app/controllers/commodities_controller.rb:8:in `index'
  [1m[36mTrader Load (0.3ms)[0m  [1m[34mSELECT "traders".* FROM "traders" INNER JOIN "ledgers" ON "traders"."id" = "ledgers"."trader_id" WHERE "ledgers"."commodity_id" = $1[0m  [["commodity_id", 7]]
  ↳ app/controllers/commodities_controller.rb:8:in `index'
  [1m[36mTrader Load (0.2ms)[0m  [1m[34mSELECT "traders".* FROM "traders" INNER JOIN "ledgers" ON "traders"."id" = "ledgers"."trader_id" WHERE "ledgers"."commodity_id" = $1[0m  [["commodity_id", 8]]
  ↳ app/controllers/commodities_controller.rb:8:in `index'
  [1m[36mTrader Load (0.4ms)[0m  [1m[34mSELECT "traders".* FROM "traders" INNER JOIN "ledgers" ON "traders"."id" = "ledgers"."trader_id" WHERE "ledgers"."commodity_id" = $1[0m  [["commodity_id", 9]]
  ↳ app/controllers/commodities_controller.rb:8:in `index'
  [1m[36mTrader Load (0.3ms)[0m  [1m[34mSELECT "traders".* FROM "traders" INNER JOIN "ledgers" ON "traders"."id" = "ledgers"."trader_id" WHERE "ledgers"."commodity_id" = $1[0m  [["commodity_id", 10]]
  ↳ app/controllers/commodities_controller.rb:8:in `index'
Completed 200 OK in 26ms (Views: 0.1ms | ActiveRecord: 4.4ms | Allocations: 13522)


Started GET "/ledgers" for ::1 at 2020-07-07 18:24:12 -0700
Processing by LedgersController#index as HTML
  [1m[36mLedger Load (0.3ms)[0m  [1m[34mSELECT "ledgers".* FROM "ledgers"[0m
  ↳ app/controllers/ledgers_controller.rb:8:in `index'
  [1m[36mTrader Load (0.2ms)[0m  [1m[34mSELECT "traders".* FROM "traders" WHERE "traders"."id" = $1 LIMIT $2[0m  [["id", 1], ["LIMIT", 1]]
  ↳ app/controllers/ledgers_controller.rb:8:in `index'
  [1m[36mCommodity Load (0.4ms)[0m  [1m[34mSELECT "commodities".* FROM "commodities" WHERE "commodities"."id" = $1 LIMIT $2[0m  [["id", 1], ["LIMIT", 1]]
  ↳ app/controllers/ledgers_controller.rb:8:in `index'
  [1m[36mTrader Load (0.3ms)[0m  [1m[34mSELECT "traders".* FROM "traders" WHERE "traders"."id" = $1 LIMIT $2[0m  [["id", 2], ["LIMIT", 1]]
  ↳ app/controllers/ledgers_controller.rb:8:in `index'
  [1m[36mCACHE Commodity Load (0.0ms)[0m  [1m[34mSELECT "commodities".* FROM "commodities" WHERE "commodities"."id" = $1 LIMIT $2[0m  [["id", 1], ["LIMIT", 1]]
  ↳ app/controllers/ledgers_controller.rb:8:in `index'
  [1m[36mCACHE Trader Load (0.0ms)[0m  [1m[34mSELECT "traders".* FROM "traders" WHERE "traders"."id" = $1 LIMIT $2[0m  [["id", 1], ["LIMIT", 1]]
  ↳ app/controllers/ledgers_controller.rb:8:in `index'
  [1m[36mCommodity Load (0.4ms)[0m  [1m[34mSELECT "commodities".* FROM "commodities" WHERE "commodities"."id" = $1 LIMIT $2[0m  [["id", 2], ["LIMIT", 1]]
  ↳ app/controllers/ledgers_controller.rb:8:in `index'
  [1m[36mCACHE Trader Load (0.0ms)[0m  [1m[34mSELECT "traders".* FROM "traders" WHERE "traders"."id" = $1 LIMIT $2[0m  [["id", 2], ["LIMIT", 1]]
  ↳ app/controllers/ledgers_controller.rb:8:in `index'
  [1m[36mCACHE Commodity Load (0.0ms)[0m  [1m[34mSELECT "commodities".* FROM "commodities" WHERE "commodities"."id" = $1 LIMIT $2[0m  [["id", 2], ["LIMIT", 1]]
  ↳ app/controllers/ledgers_controller.rb:8:in `index'
  [1m[36mCACHE Trader Load (0.0ms)[0m  [1m[34mSELECT "traders".* FROM "traders" WHERE "traders"."id" = $1 LIMIT $2[0m  [["id", 1], ["LIMIT", 1]]
  ↳ app/controllers/ledgers_controller.rb:8:in `index'
  [1m[36mCommodity Load (0.4ms)[0m  [1m[34mSELECT "commodities".* FROM "commodities" WHERE "commodities"."id" = $1 LIMIT $2[0m  [["id", 8], ["LIMIT", 1]]
  ↳ app/controllers/ledgers_controller.rb:8:in `index'
  [1m[36mTrader Load (0.5ms)[0m  [1m[34mSELECT "traders".* FROM "traders" WHERE "traders"."id" = $1 LIMIT $2[0m  [["id", 11], ["LIMIT", 1]]
  ↳ app/controllers/ledgers_controller.rb:8:in `index'
  [1m[36mCommodity Load (0.4ms)[0m  [1m[34mSELECT "commodities".* FROM "commodities" WHERE "commodities"."id" = $1 LIMIT $2[0m  [["id", 4], ["LIMIT", 1]]
  ↳ app/controllers/ledgers_controller.rb:8:in `index'
Completed 200 OK in 53ms (Views: 0.1ms | ActiveRecord: 5.2ms | Allocations: 16597)


